This is pdfTeX, Version 3.141592653-2.6-1.40.24 (MiKTeX 23.1) (preloaded format=pdflatex 2023.3.24)  29 MAR 2023 11:45
entering extended mode
 restricted \write18 enabled.
 %&-line parsing enabled.
**./master.tex
(master.tex
LaTeX2e <2022-11-01> patch level 1
L3 programming layer <2023-02-22> (setup/preamble.tex
(C:\Users\Jeppe\AppData\Local\Programs\MiKTeX\tex/latex/base\report.cls
Document Class: report 2022/07/02 v1.4n Standard LaTeX document class
(C:\Users\Jeppe\AppData\Local\Programs\MiKTeX\tex/latex/base\size11.clo
File: size11.clo 2022/07/02 v1.4n Standard LaTeX file (size option)
)
\c@part=\count185
\c@chapter=\count186
\c@section=\count187
\c@subsection=\count188
\c@subsubsection=\count189
\c@paragraph=\count190
\c@subparagraph=\count191
\c@figure=\count192
\c@table=\count193
\abovecaptionskip=\skip48
\belowcaptionskip=\skip49
\bibindent=\dimen140
)
(C:\Users\Jeppe\AppData\Local\Programs\MiKTeX\tex/latex/base\inputenc.sty
Package: inputenc 2021/02/14 v1.3d Input encoding file
\inpenc@prehook=\toks16
\inpenc@posthook=\toks17
)
(C:\Users\Jeppe\AppData\Local\Programs\MiKTeX\tex/generic/babel\babel.sty
Package: babel 2023/02/13 3.86 The Babel package
\babel@savecnt=\count194
\U@D=\dimen141
\l@unhyphenated=\language79

(C:\Users\Jeppe\AppData\Local\Programs\MiKTeX\tex/generic/babel\txtbabel.def)
\bbl@readstream=\read2
\bbl@dirlevel=\count195

*************************************
* Local config file bblopts.cfg used
*
(C:\Users\Jeppe\AppData\Local\Programs\MiKTeX\tex/latex/arabi\bblopts.cfg
File: bblopts.cfg 2005/09/08 v0.1 add Arabic and Farsi to "declared" options of
 babel
)
(C:\Users\Jeppe\AppData\Local\Programs\MiKTeX\tex/latex/babel-danish\danish.ldf
Language: danish 2021/02/06 v1.3s Danish support from the babel system
Package babel Info: Making " an active character on input line 82.
)
(C:\Users\Jeppe\AppData\Local\Programs\MiKTeX\tex/latex/babel-english\english.l
df
Language: english 2017/06/06 v3.3r English support from the babel system
Package babel Info: Hyphen rules for 'canadian' set to \l@english
(babel)             (\language0). Reported on input line 102.
Package babel Info: Hyphen rules for 'australian' set to \l@ukenglish
(babel)             (\language73). Reported on input line 105.
Package babel Info: Hyphen rules for 'newzealand' set to \l@ukenglish
(babel)             (\language73). Reported on input line 108.
))
(C:\Users\Jeppe\AppData\Local\Programs\MiKTeX\tex/generic/babel/locale/en\babel
-english.tex
Package babel Info: Importing font and identification data for english
(babel)             from babel-en.ini. Reported on input line 11.
)
(C:\Users\Jeppe\AppData\Local\Programs\MiKTeX\tex/generic/babel/locale/da\babel
-danish.tex
Package babel Info: Importing font and identification data for danish
(babel)             from babel-da.ini. Reported on input line 11.
)
(C:\Users\Jeppe\AppData\Local\Programs\MiKTeX\tex/latex/psnfss\mathpazo.sty
Package: mathpazo 2020/03/25 PSNFSS-v9.3 Palatino w/ Pazo Math (D.Puga, WaS) 
\symupright=\mathgroup4
)
(C:\Users\Jeppe\AppData\Local\Programs\MiKTeX\tex/latex/parskip\parskip.sty
Package: parskip 2021-03-14 v2.0h non-zero parskip adjustments

(C:\Users\Jeppe\AppData\Local\Programs\MiKTeX\tex/latex/kvoptions\kvoptions.sty
Package: kvoptions 2022-06-15 v3.15 Key value format for package options (HO)
(C:\Users\Jeppe\AppData\Local\Programs\MiKTeX\tex/latex/graphics\keyval.sty
Package: keyval 2022/05/29 v1.15 key=value parser (DPC)
\KV@toks@=\toks18
)
(C:\Users\Jeppe\AppData\Local\Programs\MiKTeX\tex/generic/ltxcmds\ltxcmds.sty
Package: ltxcmds 2020-05-10 v1.25 LaTeX kernel commands for general use (HO)
)
(C:\Users\Jeppe\AppData\Local\Programs\MiKTeX\tex/latex/kvsetkeys\kvsetkeys.sty
Package: kvsetkeys 2022-10-05 v1.19 Key value parser (HO)
))
(C:\Users\Jeppe\AppData\Local\Programs\MiKTeX\tex/latex/etoolbox\etoolbox.sty
Package: etoolbox 2020/10/05 v2.5k e-TeX tools for LaTeX (JAW)
\etb@tempcnta=\count196
)) (C:\Users\Jeppe\AppData\Local\Programs\MiKTeX\tex/latex/base\fontenc.sty
Package: fontenc 2021/04/29 v2.0v Standard LaTeX package
LaTeX Font Info:    Trying to load font information for T1+pplx on input line 1
12.

(C:\Users\Jeppe\AppData\Local\Programs\MiKTeX\tex/latex/psnfss\t1pplx.fd
File: t1pplx.fd 2004/09/06 font definitions for T1/pplx.
))
(C:\Users\Jeppe\AppData\Local\Programs\MiKTeX\tex/latex/multirow\multirow.sty
Package: multirow 2021/03/15 v2.8 Span multiple rows of a table
\multirow@colwidth=\skip50
\multirow@cntb=\count197
\multirow@dima=\skip51
\bigstrutjot=\dimen142
)
(C:\Users\Jeppe\AppData\Local\Programs\MiKTeX\tex/latex/xcolor\xcolor.sty
Package: xcolor 2022/06/12 v2.14 LaTeX color extensions (UK)

(C:\Users\Jeppe\AppData\Local\Programs\MiKTeX\tex/latex/graphics-cfg\color.cfg
File: color.cfg 2016/01/02 v1.6 sample color configuration
)
Package xcolor Info: Driver file: pdftex.def on input line 227.

(C:\Users\Jeppe\AppData\Local\Programs\MiKTeX\tex/latex/graphics-def\pdftex.def
File: pdftex.def 2022/09/22 v1.2b Graphics/color driver for pdftex
)
(C:\Users\Jeppe\AppData\Local\Programs\MiKTeX\tex/latex/graphics\mathcolor.ltx)
Package xcolor Info: Model `cmy' substituted by `cmy0' on input line 1353.
Package xcolor Info: Model `hsb' substituted by `rgb' on input line 1357.
Package xcolor Info: Model `RGB' extended on input line 1369.
Package xcolor Info: Model `HTML' substituted by `rgb' on input line 1371.
Package xcolor Info: Model `Hsb' substituted by `hsb' on input line 1372.
Package xcolor Info: Model `tHsb' substituted by `hsb' on input line 1373.
Package xcolor Info: Model `HSB' substituted by `hsb' on input line 1374.
Package xcolor Info: Model `Gray' substituted by `gray' on input line 1375.
Package xcolor Info: Model `wave' substituted by `hsb' on input line 1376.
) (C:\Users\Jeppe\AppData\Local\Programs\MiKTeX\tex/latex/graphics\graphicx.sty
Package: graphicx 2021/09/16 v1.2d Enhanced LaTeX Graphics (DPC,SPQR)
(C:\Users\Jeppe\AppData\Local\Programs\MiKTeX\tex/latex/graphics\graphics.sty
Package: graphics 2022/03/10 v1.4e Standard LaTeX Graphics (DPC,SPQR)

(C:\Users\Jeppe\AppData\Local\Programs\MiKTeX\tex/latex/graphics\trig.sty
Package: trig 2021/08/11 v1.11 sin cos tan (DPC)
)
(C:\Users\Jeppe\AppData\Local\Programs\MiKTeX\tex/latex/graphics-cfg\graphics.c
fg
File: graphics.cfg 2016/06/04 v1.11 sample graphics configuration
)
Package graphics Info: Driver file: pdftex.def on input line 107.
)
\Gin@req@height=\dimen143
\Gin@req@width=\dimen144
)
(C:\Users\Jeppe\AppData\Local\Programs\MiKTeX\tex/latex/wrapfig\wrapfig.sty
\wrapoverhang=\dimen145
\WF@size=\dimen146
\c@WF@wrappedlines=\count198
\WF@box=\box51
\WF@everypar=\toks19
Package: wrapfig 2003/01/31  v 3.6
)
(C:\Users\Jeppe\AppData\Local\Programs\MiKTeX\tex/latex/lipsum\lipsum.sty
(C:\Users\Jeppe\AppData\Local\Programs\MiKTeX\tex/latex/l3packages/l3keys2e\l3k
eys2e.sty
(C:\Users\Jeppe\AppData\Local\Programs\MiKTeX\tex/latex/l3kernel\expl3.sty
Package: expl3 2023-02-22 L3 programming layer (loader) 

(C:\Users\Jeppe\AppData\Local\Programs\MiKTeX\tex/latex/l3backend\l3backend-pdf
tex.def
File: l3backend-pdftex.def 2023-01-16 L3 backend support: PDF output (pdfTeX)
\l__color_backend_stack_int=\count199
\l__pdf_internal_box=\box52
))
Package: l3keys2e 2023-01-16 LaTeX2e option processing using LaTeX3 keys
)
Package: lipsum 2021-09-20 v2.7 150 paragraphs of Lorem Ipsum dummy text
\g__lipsum_par_int=\count266
\l__lipsum_a_int=\count267
\l__lipsum_b_int=\count268

(C:\Users\Jeppe\AppData\Local\Programs\MiKTeX\tex/latex/lipsum\lipsum.ltd.tex))
(C:\Users\Jeppe\AppData\Local\Programs\MiKTeX\tex/latex/caption\subcaption.sty
Package: subcaption 2023/02/19 v1.6 Sub-captions (AR)

(C:\Users\Jeppe\AppData\Local\Programs\MiKTeX\tex/latex/caption\caption.sty
Package: caption 2023/03/12 v3.6j Customizing captions (AR)

(C:\Users\Jeppe\AppData\Local\Programs\MiKTeX\tex/latex/caption\caption3.sty
Package: caption3 2023/03/12 v2.4 caption3 kernel (AR)
\caption@tempdima=\dimen147
\captionmargin=\dimen148
\caption@leftmargin=\dimen149
\caption@rightmargin=\dimen150
\caption@width=\dimen151
\caption@indent=\dimen152
\caption@parindent=\dimen153
\caption@hangindent=\dimen154
Package caption Info: Standard document class detected.
)
\c@caption@flags=\count269
\c@continuedfloat=\count270
Package caption Info: wrapfig package is loaded.
)
Package caption Info: New subtype `subfigure' on input line 239.
\c@subfigure=\count271
Package caption Info: New subtype `subtable' on input line 239.
\c@subtable=\count272
) (C:\Users\Jeppe\AppData\Local\Programs\MiKTeX\tex/latex/tools\array.sty
Package: array 2022/09/04 v2.5g Tabular extension package (FMi)
\col@sep=\dimen155
\ar@mcellbox=\box53
\extrarowheight=\dimen156
\NC@list=\toks20
\extratabsurround=\skip52
\backup@length=\skip53
\ar@cellbox=\box54
)
(C:\Users\Jeppe\AppData\Local\Programs\MiKTeX\tex/latex/booktabs\booktabs.sty
Package: booktabs 2020/01/12 v1.61803398 Publication quality tables
\heavyrulewidth=\dimen157
\lightrulewidth=\dimen158
\cmidrulewidth=\dimen159
\belowrulesep=\dimen160
\belowbottomsep=\dimen161
\aboverulesep=\dimen162
\abovetopsep=\dimen163
\cmidrulesep=\dimen164
\cmidrulekern=\dimen165
\defaultaddspace=\dimen166
\@cmidla=\count273
\@cmidlb=\count274
\@aboverulesep=\dimen167
\@belowrulesep=\dimen168
\@thisruleclass=\count275
\@lastruleclass=\count276
\@thisrulewidth=\dimen169
)
(C:\Users\Jeppe\AppData\Local\Programs\MiKTeX\tex/latex/framed\framed.sty
Package: framed 2011/10/22 v 0.96: framed or shaded text with page breaks
\OuterFrameSep=\skip54
\fb@frw=\dimen170
\fb@frh=\dimen171
\FrameRule=\dimen172
\FrameSep=\dimen173
)
(C:\Users\Jeppe\AppData\Local\Programs\MiKTeX\tex/latex/background\background.s
ty
Package: background 2014/03/04 v2.1 background material
 (C:\Users\Jeppe\AppData\Local\Programs\MiKTeX\tex/latex/xkeyval\xkeyval.sty
Package: xkeyval 2022/06/16 v2.9 package option processing (HA)

(C:\Users\Jeppe\AppData\Local\Programs\MiKTeX\tex/generic/xkeyval\xkeyval.tex
(C:\Users\Jeppe\AppData\Local\Programs\MiKTeX\tex/generic/xkeyval\xkvutils.tex
\XKV@toks=\toks21
\XKV@tempa@toks=\toks22
)
\XKV@depth=\count277
File: xkeyval.tex 2014/12/03 v2.7a key=value parser (HA)
))
(C:\Users\Jeppe\AppData\Local\Programs\MiKTeX\tex/latex/pgf/frontendlayer\tikz.
sty
(C:\Users\Jeppe\AppData\Local\Programs\MiKTeX\tex/latex/pgf/basiclayer\pgf.sty
(C:\Users\Jeppe\AppData\Local\Programs\MiKTeX\tex/latex/pgf/utilities\pgfrcs.st
y
(C:\Users\Jeppe\AppData\Local\Programs\MiKTeX\tex/generic/pgf/utilities\pgfutil
-common.tex
\pgfutil@everybye=\toks23
\pgfutil@tempdima=\dimen174
\pgfutil@tempdimb=\dimen175
)
(C:\Users\Jeppe\AppData\Local\Programs\MiKTeX\tex/generic/pgf/utilities\pgfutil
-latex.def
\pgfutil@abb=\box55
)
(C:\Users\Jeppe\AppData\Local\Programs\MiKTeX\tex/generic/pgf/utilities\pgfrcs.
code.tex
(C:\Users\Jeppe\AppData\Local\Programs\MiKTeX\tex/generic/pgf\pgf.revision.tex)
Package: pgfrcs 2023-01-15 v3.1.10 (3.1.10)
))
Package: pgf 2023-01-15 v3.1.10 (3.1.10)

(C:\Users\Jeppe\AppData\Local\Programs\MiKTeX\tex/latex/pgf/basiclayer\pgfcore.
sty
(C:\Users\Jeppe\AppData\Local\Programs\MiKTeX\tex/latex/pgf/systemlayer\pgfsys.
sty
(C:\Users\Jeppe\AppData\Local\Programs\MiKTeX\tex/generic/pgf/systemlayer\pgfsy
s.code.tex
Package: pgfsys 2023-01-15 v3.1.10 (3.1.10)

(C:\Users\Jeppe\AppData\Local\Programs\MiKTeX\tex/generic/pgf/utilities\pgfkeys
.code.tex
\pgfkeys@pathtoks=\toks24
\pgfkeys@temptoks=\toks25

(C:\Users\Jeppe\AppData\Local\Programs\MiKTeX\tex/generic/pgf/utilities\pgfkeys
libraryfiltered.code.tex
\pgfkeys@tmptoks=\toks26
))
\pgf@x=\dimen176
\pgf@y=\dimen177
\pgf@xa=\dimen178
\pgf@ya=\dimen179
\pgf@xb=\dimen180
\pgf@yb=\dimen181
\pgf@xc=\dimen182
\pgf@yc=\dimen183
\pgf@xd=\dimen184
\pgf@yd=\dimen185
\w@pgf@writea=\write3
\r@pgf@reada=\read3
\c@pgf@counta=\count278
\c@pgf@countb=\count279
\c@pgf@countc=\count280
\c@pgf@countd=\count281
\t@pgf@toka=\toks27
\t@pgf@tokb=\toks28
\t@pgf@tokc=\toks29
\pgf@sys@id@count=\count282

(C:\Users\Jeppe\AppData\Local\Programs\MiKTeX\tex/generic/pgf/systemlayer\pgf.c
fg
File: pgf.cfg 2023-01-15 v3.1.10 (3.1.10)
)
Driver file for pgf: pgfsys-pdftex.def

(C:\Users\Jeppe\AppData\Local\Programs\MiKTeX\tex/generic/pgf/systemlayer\pgfsy
s-pdftex.def
File: pgfsys-pdftex.def 2023-01-15 v3.1.10 (3.1.10)

(C:\Users\Jeppe\AppData\Local\Programs\MiKTeX\tex/generic/pgf/systemlayer\pgfsy
s-common-pdf.def
File: pgfsys-common-pdf.def 2023-01-15 v3.1.10 (3.1.10)
)))
(C:\Users\Jeppe\AppData\Local\Programs\MiKTeX\tex/generic/pgf/systemlayer\pgfsy
ssoftpath.code.tex
File: pgfsyssoftpath.code.tex 2023-01-15 v3.1.10 (3.1.10)
\pgfsyssoftpath@smallbuffer@items=\count283
\pgfsyssoftpath@bigbuffer@items=\count284
)
(C:\Users\Jeppe\AppData\Local\Programs\MiKTeX\tex/generic/pgf/systemlayer\pgfsy
sprotocol.code.tex
File: pgfsysprotocol.code.tex 2023-01-15 v3.1.10 (3.1.10)
))
(C:\Users\Jeppe\AppData\Local\Programs\MiKTeX\tex/generic/pgf/basiclayer\pgfcor
e.code.tex
Package: pgfcore 2023-01-15 v3.1.10 (3.1.10)

(C:\Users\Jeppe\AppData\Local\Programs\MiKTeX\tex/generic/pgf/math\pgfmath.code
.tex
(C:\Users\Jeppe\AppData\Local\Programs\MiKTeX\tex/generic/pgf/math\pgfmathutil.
code.tex)
(C:\Users\Jeppe\AppData\Local\Programs\MiKTeX\tex/generic/pgf/math\pgfmathparse
r.code.tex
\pgfmath@dimen=\dimen186
\pgfmath@count=\count285
\pgfmath@box=\box56
\pgfmath@toks=\toks30
\pgfmath@stack@operand=\toks31
\pgfmath@stack@operation=\toks32
)
(C:\Users\Jeppe\AppData\Local\Programs\MiKTeX\tex/generic/pgf/math\pgfmathfunct
ions.code.tex)
(C:\Users\Jeppe\AppData\Local\Programs\MiKTeX\tex/generic/pgf/math\pgfmathfunct
ions.basic.code.tex)
(C:\Users\Jeppe\AppData\Local\Programs\MiKTeX\tex/generic/pgf/math\pgfmathfunct
ions.trigonometric.code.tex)
(C:\Users\Jeppe\AppData\Local\Programs\MiKTeX\tex/generic/pgf/math\pgfmathfunct
ions.random.code.tex)
(C:\Users\Jeppe\AppData\Local\Programs\MiKTeX\tex/generic/pgf/math\pgfmathfunct
ions.comparison.code.tex)
(C:\Users\Jeppe\AppData\Local\Programs\MiKTeX\tex/generic/pgf/math\pgfmathfunct
ions.base.code.tex)
(C:\Users\Jeppe\AppData\Local\Programs\MiKTeX\tex/generic/pgf/math\pgfmathfunct
ions.round.code.tex)
(C:\Users\Jeppe\AppData\Local\Programs\MiKTeX\tex/generic/pgf/math\pgfmathfunct
ions.misc.code.tex)
(C:\Users\Jeppe\AppData\Local\Programs\MiKTeX\tex/generic/pgf/math\pgfmathfunct
ions.integerarithmetics.code.tex)
(C:\Users\Jeppe\AppData\Local\Programs\MiKTeX\tex/generic/pgf/math\pgfmathcalc.
code.tex)
(C:\Users\Jeppe\AppData\Local\Programs\MiKTeX\tex/generic/pgf/math\pgfmathfloat
.code.tex
\c@pgfmathroundto@lastzeros=\count286
))
(C:\Users\Jeppe\AppData\Local\Programs\MiKTeX\tex/generic/pgf/math\pgfint.code.
tex)
(C:\Users\Jeppe\AppData\Local\Programs\MiKTeX\tex/generic/pgf/basiclayer\pgfcor
epoints.code.tex
File: pgfcorepoints.code.tex 2023-01-15 v3.1.10 (3.1.10)
\pgf@picminx=\dimen187
\pgf@picmaxx=\dimen188
\pgf@picminy=\dimen189
\pgf@picmaxy=\dimen190
\pgf@pathminx=\dimen191
\pgf@pathmaxx=\dimen192
\pgf@pathminy=\dimen193
\pgf@pathmaxy=\dimen194
\pgf@xx=\dimen195
\pgf@xy=\dimen196
\pgf@yx=\dimen197
\pgf@yy=\dimen198
\pgf@zx=\dimen199
\pgf@zy=\dimen256
)
(C:\Users\Jeppe\AppData\Local\Programs\MiKTeX\tex/generic/pgf/basiclayer\pgfcor
epathconstruct.code.tex
File: pgfcorepathconstruct.code.tex 2023-01-15 v3.1.10 (3.1.10)
\pgf@path@lastx=\dimen257
\pgf@path@lasty=\dimen258
)
(C:\Users\Jeppe\AppData\Local\Programs\MiKTeX\tex/generic/pgf/basiclayer\pgfcor
epathusage.code.tex
File: pgfcorepathusage.code.tex 2023-01-15 v3.1.10 (3.1.10)
\pgf@shorten@end@additional=\dimen259
\pgf@shorten@start@additional=\dimen260
)
(C:\Users\Jeppe\AppData\Local\Programs\MiKTeX\tex/generic/pgf/basiclayer\pgfcor
escopes.code.tex
File: pgfcorescopes.code.tex 2023-01-15 v3.1.10 (3.1.10)
\pgfpic=\box57
\pgf@hbox=\box58
\pgf@layerbox@main=\box59
\pgf@picture@serial@count=\count287
)
(C:\Users\Jeppe\AppData\Local\Programs\MiKTeX\tex/generic/pgf/basiclayer\pgfcor
egraphicstate.code.tex
File: pgfcoregraphicstate.code.tex 2023-01-15 v3.1.10 (3.1.10)
\pgflinewidth=\dimen261
)
(C:\Users\Jeppe\AppData\Local\Programs\MiKTeX\tex/generic/pgf/basiclayer\pgfcor
etransformations.code.tex
File: pgfcoretransformations.code.tex 2023-01-15 v3.1.10 (3.1.10)
\pgf@pt@x=\dimen262
\pgf@pt@y=\dimen263
\pgf@pt@temp=\dimen264
)
(C:\Users\Jeppe\AppData\Local\Programs\MiKTeX\tex/generic/pgf/basiclayer\pgfcor
equick.code.tex
File: pgfcorequick.code.tex 2023-01-15 v3.1.10 (3.1.10)
)
(C:\Users\Jeppe\AppData\Local\Programs\MiKTeX\tex/generic/pgf/basiclayer\pgfcor
eobjects.code.tex
File: pgfcoreobjects.code.tex 2023-01-15 v3.1.10 (3.1.10)
)
(C:\Users\Jeppe\AppData\Local\Programs\MiKTeX\tex/generic/pgf/basiclayer\pgfcor
epathprocessing.code.tex
File: pgfcorepathprocessing.code.tex 2023-01-15 v3.1.10 (3.1.10)
)
(C:\Users\Jeppe\AppData\Local\Programs\MiKTeX\tex/generic/pgf/basiclayer\pgfcor
earrows.code.tex
File: pgfcorearrows.code.tex 2023-01-15 v3.1.10 (3.1.10)
\pgfarrowsep=\dimen265
)
(C:\Users\Jeppe\AppData\Local\Programs\MiKTeX\tex/generic/pgf/basiclayer\pgfcor
eshade.code.tex
File: pgfcoreshade.code.tex 2023-01-15 v3.1.10 (3.1.10)
\pgf@max=\dimen266
\pgf@sys@shading@range@num=\count288
\pgf@shadingcount=\count289
)
(C:\Users\Jeppe\AppData\Local\Programs\MiKTeX\tex/generic/pgf/basiclayer\pgfcor
eimage.code.tex
File: pgfcoreimage.code.tex 2023-01-15 v3.1.10 (3.1.10)
)
(C:\Users\Jeppe\AppData\Local\Programs\MiKTeX\tex/generic/pgf/basiclayer\pgfcor
eexternal.code.tex
File: pgfcoreexternal.code.tex 2023-01-15 v3.1.10 (3.1.10)
\pgfexternal@startupbox=\box60
)
(C:\Users\Jeppe\AppData\Local\Programs\MiKTeX\tex/generic/pgf/basiclayer\pgfcor
elayers.code.tex
File: pgfcorelayers.code.tex 2023-01-15 v3.1.10 (3.1.10)
)
(C:\Users\Jeppe\AppData\Local\Programs\MiKTeX\tex/generic/pgf/basiclayer\pgfcor
etransparency.code.tex
File: pgfcoretransparency.code.tex 2023-01-15 v3.1.10 (3.1.10)
)
(C:\Users\Jeppe\AppData\Local\Programs\MiKTeX\tex/generic/pgf/basiclayer\pgfcor
epatterns.code.tex
File: pgfcorepatterns.code.tex 2023-01-15 v3.1.10 (3.1.10)
)
(C:\Users\Jeppe\AppData\Local\Programs\MiKTeX\tex/generic/pgf/basiclayer\pgfcor
erdf.code.tex
File: pgfcorerdf.code.tex 2023-01-15 v3.1.10 (3.1.10)
)))
(C:\Users\Jeppe\AppData\Local\Programs\MiKTeX\tex/generic/pgf/modules\pgfmodule
shapes.code.tex
File: pgfmoduleshapes.code.tex 2023-01-15 v3.1.10 (3.1.10)
\pgfnodeparttextbox=\box61
)
(C:\Users\Jeppe\AppData\Local\Programs\MiKTeX\tex/generic/pgf/modules\pgfmodule
plot.code.tex
File: pgfmoduleplot.code.tex 2023-01-15 v3.1.10 (3.1.10)
)
(C:\Users\Jeppe\AppData\Local\Programs\MiKTeX\tex/latex/pgf/compatibility\pgfco
mp-version-0-65.sty
Package: pgfcomp-version-0-65 2023-01-15 v3.1.10 (3.1.10)
\pgf@nodesepstart=\dimen267
\pgf@nodesepend=\dimen268
)
(C:\Users\Jeppe\AppData\Local\Programs\MiKTeX\tex/latex/pgf/compatibility\pgfco
mp-version-1-18.sty
Package: pgfcomp-version-1-18 2023-01-15 v3.1.10 (3.1.10)
))
(C:\Users\Jeppe\AppData\Local\Programs\MiKTeX\tex/latex/pgf/utilities\pgffor.st
y
(C:\Users\Jeppe\AppData\Local\Programs\MiKTeX\tex/latex/pgf/utilities\pgfkeys.s
ty
(C:\Users\Jeppe\AppData\Local\Programs\MiKTeX\tex/generic/pgf/utilities\pgfkeys
.code.tex))
(C:\Users\Jeppe\AppData\Local\Programs\MiKTeX\tex/latex/pgf/math\pgfmath.sty
(C:\Users\Jeppe\AppData\Local\Programs\MiKTeX\tex/generic/pgf/math\pgfmath.code
.tex))
(C:\Users\Jeppe\AppData\Local\Programs\MiKTeX\tex/generic/pgf/utilities\pgffor.
code.tex
Package: pgffor 2023-01-15 v3.1.10 (3.1.10)
\pgffor@iter=\dimen269
\pgffor@skip=\dimen270
\pgffor@stack=\toks33
\pgffor@toks=\toks34
))
(C:\Users\Jeppe\AppData\Local\Programs\MiKTeX\tex/generic/pgf/frontendlayer/tik
z\tikz.code.tex
Package: tikz 2023-01-15 v3.1.10 (3.1.10)

(C:\Users\Jeppe\AppData\Local\Programs\MiKTeX\tex/generic/pgf/libraries\pgflibr
aryplothandlers.code.tex
File: pgflibraryplothandlers.code.tex 2023-01-15 v3.1.10 (3.1.10)
\pgf@plot@mark@count=\count290
\pgfplotmarksize=\dimen271
)
\tikz@lastx=\dimen272
\tikz@lasty=\dimen273
\tikz@lastxsaved=\dimen274
\tikz@lastysaved=\dimen275
\tikz@lastmovetox=\dimen276
\tikz@lastmovetoy=\dimen277
\tikzleveldistance=\dimen278
\tikzsiblingdistance=\dimen279
\tikz@figbox=\box62
\tikz@figbox@bg=\box63
\tikz@tempbox=\box64
\tikz@tempbox@bg=\box65
\tikztreelevel=\count291
\tikznumberofchildren=\count292
\tikznumberofcurrentchild=\count293
\tikz@fig@count=\count294

(C:\Users\Jeppe\AppData\Local\Programs\MiKTeX\tex/generic/pgf/modules\pgfmodule
matrix.code.tex
File: pgfmodulematrix.code.tex 2023-01-15 v3.1.10 (3.1.10)
\pgfmatrixcurrentrow=\count295
\pgfmatrixcurrentcolumn=\count296
\pgf@matrix@numberofcolumns=\count297
)
\tikz@expandcount=\count298

(C:\Users\Jeppe\AppData\Local\Programs\MiKTeX\tex/generic/pgf/frontendlayer/tik
z/libraries\tikzlibrarytopaths.code.tex
File: tikzlibrarytopaths.code.tex 2023-01-15 v3.1.10 (3.1.10)
)))
(C:\Users\Jeppe\AppData\Local\Programs\MiKTeX\tex/latex/everypage\everypage.sty
Package: everypage 2020/10/17 R2.0b Hooks to run on every page

Package everypage Warning: Functionality similar to this package has recently
(everypage)                been implemented in LaTeX. This package is now in
(everypage)                legacy status.
(everypage)                Please, don't use it in new documents and packages.


Package everypage Warning: You appear to be running a version of LaTeX
(everypage)                providing the new functionality.
(everypage)                Doing the best to deliver the original `everypage`
(everypage)                interface on top of it. Strict equivalence is
(everypage)                not possible, breakage may occur.
(everypage)                If truly needed, Use `everypage-1x` to force the
(everypage)                loading of an older code base.

) (C:\Users\Jeppe\AppData\Local\Programs\MiKTeX\tex/latex/tools\afterpage.sty
Package: afterpage 2014/10/28 v1.08 After-Page Package (DPC)
\AP@output=\toks35
\AP@partial=\box66
\AP@footins=\box67
)) (C:\Users\Jeppe\AppData\Local\Programs\MiKTeX\tex/latex/amsmath\amsmath.sty
Package: amsmath 2022/04/08 v2.17n AMS math features
\@mathmargin=\skip55

For additional information on amsmath, use the `?' option.
(C:\Users\Jeppe\AppData\Local\Programs\MiKTeX\tex/latex/amsmath\amstext.sty
Package: amstext 2021/08/26 v2.01 AMS text

(C:\Users\Jeppe\AppData\Local\Programs\MiKTeX\tex/latex/amsmath\amsgen.sty
File: amsgen.sty 1999/11/30 v2.0 generic functions
\@emptytoks=\toks36
\ex@=\dimen280
))
(C:\Users\Jeppe\AppData\Local\Programs\MiKTeX\tex/latex/amsmath\amsbsy.sty
Package: amsbsy 1999/11/29 v1.2d Bold Symbols
\pmbraise@=\dimen281
)
(C:\Users\Jeppe\AppData\Local\Programs\MiKTeX\tex/latex/amsmath\amsopn.sty
Package: amsopn 2022/04/08 v2.04 operator names
)
\inf@bad=\count299
LaTeX Info: Redefining \frac on input line 234.
\uproot@=\count300
\leftroot@=\count301
LaTeX Info: Redefining \overline on input line 399.
LaTeX Info: Redefining \colon on input line 410.
\classnum@=\count302
\DOTSCASE@=\count303
LaTeX Info: Redefining \ldots on input line 496.
LaTeX Info: Redefining \dots on input line 499.
LaTeX Info: Redefining \cdots on input line 620.
\Mathstrutbox@=\box68
\strutbox@=\box69
LaTeX Info: Redefining \big on input line 722.
LaTeX Info: Redefining \Big on input line 723.
LaTeX Info: Redefining \bigg on input line 724.
LaTeX Info: Redefining \Bigg on input line 725.
\big@size=\dimen282
LaTeX Font Info:    Redeclaring font encoding OML on input line 743.
LaTeX Font Info:    Redeclaring font encoding OMS on input line 744.
\macc@depth=\count304
LaTeX Info: Redefining \bmod on input line 905.
LaTeX Info: Redefining \pmod on input line 910.
LaTeX Info: Redefining \smash on input line 940.
LaTeX Info: Redefining \relbar on input line 970.
LaTeX Info: Redefining \Relbar on input line 971.
\c@MaxMatrixCols=\count305
\dotsspace@=\muskip16
\c@parentequation=\count306
\dspbrk@lvl=\count307
\tag@help=\toks37
\row@=\count308
\column@=\count309
\maxfields@=\count310
\andhelp@=\toks38
\eqnshift@=\dimen283
\alignsep@=\dimen284
\tagshift@=\dimen285
\tagwidth@=\dimen286
\totwidth@=\dimen287
\lineht@=\dimen288
\@envbody=\toks39
\multlinegap=\skip56
\multlinetaggap=\skip57
\mathdisplay@stack=\toks40
LaTeX Info: Redefining \[ on input line 2953.
LaTeX Info: Redefining \] on input line 2954.
)
(C:\Users\Jeppe\AppData\Local\Programs\MiKTeX\tex/latex/amsfonts\amssymb.sty
Package: amssymb 2013/01/14 v3.01 AMS font symbols

(C:\Users\Jeppe\AppData\Local\Programs\MiKTeX\tex/latex/amsfonts\amsfonts.sty
Package: amsfonts 2013/01/14 v3.01 Basic AMSFonts support
\symAMSa=\mathgroup5
\symAMSb=\mathgroup6
LaTeX Font Info:    Redeclaring math symbol \hbar on input line 98.
LaTeX Font Info:    Overwriting math alphabet `\mathfrak' in version `bold'
(Font)                  U/euf/m/n --> U/euf/b/n on input line 106.
)) (C:\Users\Jeppe\AppData\Local\Programs\MiKTeX\tex/latex/siunitx\siunitx.sty
Package: siunitx 2023-03-14 v3.2.3 A comprehensive (SI) units package
\l__siunitx_angle_tmp_dim=\dimen289
\l__siunitx_angle_marker_box=\box70
\l__siunitx_angle_unit_box=\box71
\l__siunitx_compound_count_int=\count311

(C:\Users\Jeppe\AppData\Local\Programs\MiKTeX\tex/latex/translations\translatio
ns.sty
Package: translations 2022/02/05 v1.12 internationalization of LaTeX2e packages
 (CN)

(C:\Users\Jeppe\AppData\Local\Programs\MiKTeX\tex/generic/pdftexcmds\pdftexcmds
.sty
Package: pdftexcmds 2020-06-27 v0.33 Utility functions of pdfTeX for LuaTeX (HO
)

(C:\Users\Jeppe\AppData\Local\Programs\MiKTeX\tex/generic/infwarerr\infwarerr.s
ty
Package: infwarerr 2019/12/03 v1.5 Providing info/warning/error messages (HO)
) (C:\Users\Jeppe\AppData\Local\Programs\MiKTeX\tex/generic/iftex\iftex.sty
Package: iftex 2022/02/03 v1.0f TeX engine tests
)
Package pdftexcmds Info: \pdf@primitive is available.
Package pdftexcmds Info: \pdf@ifprimitive is available.
Package pdftexcmds Info: \pdfdraftmode found.
))
\l__siunitx_number_exponent_fixed_int=\count312
\l__siunitx_number_min_decimal_int=\count313
\l__siunitx_number_min_integer_int=\count314
\l__siunitx_number_round_precision_int=\count315
\l__siunitx_number_lower_threshold_int=\count316
\l__siunitx_number_upper_threshold_int=\count317
\l__siunitx_number_group_first_int=\count318
\l__siunitx_number_group_size_int=\count319
\l__siunitx_number_group_minimum_int=\count320
\l__siunitx_table_tmp_box=\box72
\l__siunitx_table_tmp_dim=\dimen290
\l__siunitx_table_column_width_dim=\dimen291
\l__siunitx_table_integer_box=\box73
\l__siunitx_table_decimal_box=\box74
\l__siunitx_table_uncert_box=\box75
\l__siunitx_table_before_box=\box76
\l__siunitx_table_after_box=\box77
\l__siunitx_table_before_dim=\dimen292
\l__siunitx_table_carry_dim=\dimen293
\l__siunitx_unit_tmp_int=\count321
\l__siunitx_unit_position_int=\count322
\l__siunitx_unit_total_int=\count323
)
(C:\Users\Jeppe\AppData\Local\Programs\MiKTeX\tex/latex/algorithmicx\algpseudoc
ode.sty
Package: algpseudocode 
 (C:\Users\Jeppe\AppData\Local\Programs\MiKTeX\tex/latex/base\ifthen.sty
Package: ifthen 2022/04/13 v1.1d Standard LaTeX ifthen package (DPC)
)
(C:\Users\Jeppe\AppData\Local\Programs\MiKTeX\tex/latex/algorithmicx\algorithmi
cx.sty
Package: algorithmicx 2005/04/27 v1.2 Algorithmicx

Document Style algorithmicx 1.2 - a greatly improved `algorithmic' style
\c@ALG@line=\count324
\c@ALG@rem=\count325
\c@ALG@nested=\count326
\ALG@tlm=\skip58
\ALG@thistlm=\skip59
\c@ALG@Lnr=\count327
\c@ALG@blocknr=\count328
\c@ALG@storecount=\count329
\c@ALG@tmpcounter=\count330
\ALG@tmplength=\skip60
)
Document Style - pseudocode environments for use with the `algorithmicx' style
)
(C:\Users\Jeppe\AppData\Local\Programs\MiKTeX\tex/latex/algorithms\algorithm.st
y
Package: algorithm 2009/08/24 v0.1 Document Style `algorithm' - floating enviro
nment
 (C:\Users\Jeppe\AppData\Local\Programs\MiKTeX\tex/latex/float\float.sty
Package: float 2001/11/08 v1.3d Float enhancements (AL)
\c@float@type=\count331
\float@exts=\toks41
\float@box=\box78
\@float@everytoks=\toks42
\@floatcapt=\box79
)
\@float@every@algorithm=\toks43
\c@algorithm=\count332
)
(C:\Users\Jeppe\AppData\Local\Programs\MiKTeX\tex/latex/ntheorem\ntheorem.sty
Style `ntheorem', Version 1.33 <2011/08/15>
Package: ntheorem 2011/08/15 1.33
\theorem@style=\toks44
\theorem@@style=\toks45
\theorembodyfont=\toks46
\theoremnumbering=\toks47
\theorempreskipamount=\skip61
\theorempostskipamount=\skip62
\theoremframepreskipamount=\skip63
\theoremframepostskipamount=\skip64
\theoreminframepreskipamount=\skip65
\theoreminframepostskipamount=\skip66
\theorem@preskip=\toks48
\theorem@postskip=\toks49
\theorem@framepreskip=\toks50
\theorem@framepostskip=\toks51
\theorem@inframepreskip=\toks52
\theorem@inframepostskip=\toks53
\theoremindent=\dimen294
\theorem@indent=\dimen295
\theoremrightindent=\dimen296
\theorem@rightindent=\dimen297
\theoremheaderfont=\toks54
\theoremseparator=\toks55
\theoremprework=\toks56
\theorempostwork=\toks57
\theoremsymbol=\toks58
\qedsymbol=\toks59
\theoremkeyword=\toks60
\qedsymbol=\toks61
\thm@topsep=\skip67
\thm@topsepadd=\skip68
Package ntheorem Info: Option `thmmarks' loaded on input line 1175.
\c@endNonectr=\count333
\c@currNonectr=\count334
\mysavskip=\skip69
Package ntheorem Info: option `amsmath' handling for `thmmarks' loaded on input
 line 1175.
\thm@amstmpdepth=\dimen298
\tagwidth=\dimen299
\shadecolor=\toks62
) (C:\Users\Jeppe\AppData\Local\Programs\MiKTeX\tex/latex/geometry\geometry.sty
Package: geometry 2020/01/02 v5.9 Page Geometry
(C:\Users\Jeppe\AppData\Local\Programs\MiKTeX\tex/generic/iftex\ifvtex.sty
Package: ifvtex 2019/10/25 v1.7 ifvtex legacy package. Use iftex instead.
)
\Gm@cnth=\count335
\Gm@cntv=\count336
\c@Gm@tempcnt=\count337
\Gm@bindingoffset=\dimen300
\Gm@wd@mp=\dimen301
\Gm@odd@mp=\dimen302
\Gm@even@mp=\dimen303
\Gm@layoutwidth=\dimen304
\Gm@layoutheight=\dimen305
\Gm@layouthoffset=\dimen306
\Gm@layoutvoffset=\dimen307
\Gm@dimlist=\toks63

(C:\Users\Jeppe\AppData\Local\Programs\MiKTeX\tex/latex/geometry\geometry.cfg))
(C:\Users\Jeppe\AppData\Local\Programs\MiKTeX\tex/latex/titlesec\titlesec.sty
Package: titlesec 2021/07/05 v2.14 Sectioning titles
\ttl@box=\box80
\beforetitleunit=\skip70
\aftertitleunit=\skip71
\ttl@plus=\dimen308
\ttl@minus=\dimen309
\ttl@toksa=\toks64
\titlewidth=\dimen310
\titlewidthlast=\dimen311
\titlewidthfirst=\dimen312
)
(C:\Users\Jeppe\AppData\Local\Programs\MiKTeX\tex/latex/fancyhdr\fancyhdr.sty
Package: fancyhdr 2022/11/09 v4.1 Extensive control of page headers and footers

\f@nch@headwidth=\skip72
\f@nch@O@elh=\skip73
\f@nch@O@erh=\skip74
\f@nch@O@olh=\skip75
\f@nch@O@orh=\skip76
\f@nch@O@elf=\skip77
\f@nch@O@erf=\skip78
\f@nch@O@olf=\skip79
\f@nch@O@orf=\skip80
)
(C:\Users\Jeppe\AppData\Local\Programs\MiKTeX\tex/latex/tools\calc.sty
Package: calc 2017/05/25 v4.3 Infix arithmetic (KKT,FJ)
\calc@Acount=\count338
\calc@Bcount=\count339
\calc@Adimen=\dimen313
\calc@Bdimen=\dimen314
\calc@Askip=\skip81
\calc@Bskip=\skip82
LaTeX Info: Redefining \setlength on input line 80.
LaTeX Info: Redefining \addtolength on input line 81.
\calc@Ccount=\count340
\calc@Cskip=\skip83
)
(C:\Users\Jeppe\AppData\Local\Programs\MiKTeX\tex/generic/pgf/frontendlayer/tik
z/libraries\tikzlibrarypositioning.code.tex
File: tikzlibrarypositioning.code.tex 2023-01-15 v3.1.10 (3.1.10)
)
(C:\Users\Jeppe\AppData\Local\Programs\MiKTeX\tex/latex/biblatex\biblatex.sty
Package: biblatex 2023/03/05 v3.19 programmable bibliographies (PK/MW)

(C:\Users\Jeppe\AppData\Local\Programs\MiKTeX\tex/latex/logreq\logreq.sty
Package: logreq 2010/08/04 v1.0 xml request logger
\lrq@indent=\count341

(C:\Users\Jeppe\AppData\Local\Programs\MiKTeX\tex/latex/logreq\logreq.def
File: logreq.def 2010/08/04 v1.0 logreq spec v1.0
))
(C:\Users\Jeppe\AppData\Local\Programs\MiKTeX\tex/latex/url\url.sty
\Urlmuskip=\muskip17
Package: url 2013/09/16  ver 3.4  Verb mode for urls, etc.
)
\c@tabx@nest=\count342
\c@listtotal=\count343
\c@listcount=\count344
\c@liststart=\count345
\c@liststop=\count346
\c@citecount=\count347
\c@citetotal=\count348
\c@multicitecount=\count349
\c@multicitetotal=\count350
\c@instcount=\count351
\c@maxnames=\count352
\c@minnames=\count353
\c@maxitems=\count354
\c@minitems=\count355
\c@citecounter=\count356
\c@maxcitecounter=\count357
\c@savedcitecounter=\count358
\c@uniquelist=\count359
\c@uniquename=\count360
\c@refsection=\count361
\c@refsegment=\count362
\c@maxextratitle=\count363
\c@maxextratitleyear=\count364
\c@maxextraname=\count365
\c@maxextradate=\count366
\c@maxextraalpha=\count367
\c@abbrvpenalty=\count368
\c@highnamepenalty=\count369
\c@lownamepenalty=\count370
\c@maxparens=\count371
\c@parenlevel=\count372
\blx@tempcnta=\count373
\blx@tempcntb=\count374
\blx@tempcntc=\count375
\c@blx@maxsection=\count376
\blx@maxsegment@0=\count377
\blx@notetype=\count378
\blx@parenlevel@text=\count379
\blx@parenlevel@foot=\count380
\blx@sectionciteorder@0=\count381
\blx@sectionciteorderinternal@0=\count382
\blx@entrysetcounter=\count383
\blx@biblioinstance=\count384
\labelnumberwidth=\skip84
\labelalphawidth=\skip85
\biblabelsep=\skip86
\bibitemsep=\skip87
\bibnamesep=\skip88
\bibinitsep=\skip89
\bibparsep=\skip90
\bibhang=\skip91
\blx@bcfin=\read4
\blx@bcfout=\write4
\blx@langwohyphens=\language80
\c@mincomprange=\count385
\c@maxcomprange=\count386
\c@mincompwidth=\count387
Package biblatex Info: Trying to load biblatex default data model...
Package biblatex Info: ... file 'blx-dm.def' found.

(C:\Users\Jeppe\AppData\Local\Programs\MiKTeX\tex/latex/biblatex\blx-dm.def
File: blx-dm.def 2023/03/05 v3.19 biblatex localization (PK/MW)
)
Package biblatex Info: Trying to load biblatex style data model...
Package biblatex Info: ... file 'numeric-comp.dbx' not found.
Package biblatex Info: Trying to load biblatex custom data model...
Package biblatex Info: ... file 'biblatex-dm.cfg' not found.
\c@afterword=\count388
\c@savedafterword=\count389
\c@annotator=\count390
\c@savedannotator=\count391
\c@author=\count392
\c@savedauthor=\count393
\c@bookauthor=\count394
\c@savedbookauthor=\count395
\c@commentator=\count396
\c@savedcommentator=\count397
\c@editor=\count398
\c@savededitor=\count399
\c@editora=\count400
\c@savededitora=\count401
\c@editorb=\count402
\c@savededitorb=\count403
\c@editorc=\count404
\c@savededitorc=\count405
\c@foreword=\count406
\c@savedforeword=\count407
\c@holder=\count408
\c@savedholder=\count409
\c@introduction=\count410
\c@savedintroduction=\count411
\c@namea=\count412
\c@savednamea=\count413
\c@nameb=\count414
\c@savednameb=\count415
\c@namec=\count416
\c@savednamec=\count417
\c@translator=\count418
\c@savedtranslator=\count419
\c@shortauthor=\count420
\c@savedshortauthor=\count421
\c@shorteditor=\count422
\c@savedshorteditor=\count423
\c@labelname=\count424
\c@savedlabelname=\count425
\c@institution=\count426
\c@savedinstitution=\count427
\c@lista=\count428
\c@savedlista=\count429
\c@listb=\count430
\c@savedlistb=\count431
\c@listc=\count432
\c@savedlistc=\count433
\c@listd=\count434
\c@savedlistd=\count435
\c@liste=\count436
\c@savedliste=\count437
\c@listf=\count438
\c@savedlistf=\count439
\c@location=\count440
\c@savedlocation=\count441
\c@organization=\count442
\c@savedorganization=\count443
\c@origlocation=\count444
\c@savedoriglocation=\count445
\c@origpublisher=\count446
\c@savedorigpublisher=\count447
\c@publisher=\count448
\c@savedpublisher=\count449
\c@language=\count450
\c@savedlanguage=\count451
\c@origlanguage=\count452
\c@savedoriglanguage=\count453
\c@pageref=\count454
\c@savedpageref=\count455
\shorthandwidth=\skip92
\shortjournalwidth=\skip93
\shortserieswidth=\skip94
\shorttitlewidth=\skip95
\shortauthorwidth=\skip96
\shorteditorwidth=\skip97
\locallabelnumberwidth=\skip98
\locallabelalphawidth=\skip99
\localshorthandwidth=\skip100
\localshortjournalwidth=\skip101
\localshortserieswidth=\skip102
\localshorttitlewidth=\skip103
\localshortauthorwidth=\skip104
\localshorteditorwidth=\skip105
Package biblatex Info: Trying to load compatibility code...
Package biblatex Info: ... file 'blx-compat.def' found.

(C:\Users\Jeppe\AppData\Local\Programs\MiKTeX\tex/latex/biblatex\blx-compat.def
File: blx-compat.def 2023/03/05 v3.19 biblatex compatibility (PK/MW)
)
Package biblatex Info: Trying to load generic definitions...
Package biblatex Info: ... file 'biblatex.def' found.
 (C:\Users\Jeppe\AppData\Local\Programs\MiKTeX\tex/latex/biblatex\biblatex.def
File: biblatex.def 2023/03/05 v3.19 biblatex compatibility (PK/MW)
\c@textcitecount=\count456
\c@textcitetotal=\count457
\c@textcitemaxnames=\count458
\c@biburlbigbreakpenalty=\count459
\c@biburlbreakpenalty=\count460
\c@biburlnumpenalty=\count461
\c@biburlucpenalty=\count462
\c@biburllcpenalty=\count463
\biburlbigskip=\muskip18
\biburlnumskip=\muskip19
\biburlucskip=\muskip20
\biburllcskip=\muskip21
\c@smartand=\count464
)
Package biblatex Info: Trying to load bibliography style 'numeric-comp'...
Package biblatex Info: ... file 'numeric-comp.bbx' found.

(C:\Users\Jeppe\AppData\Local\Programs\MiKTeX\tex/latex/biblatex/bbx\numeric-co
mp.bbx
File: numeric-comp.bbx 2023/03/05 v3.19 biblatex bibliography style (PK/MW)
Package biblatex Info: Trying to load bibliography style 'numeric'...
Package biblatex Info: ... file 'numeric.bbx' found.

(C:\Users\Jeppe\AppData\Local\Programs\MiKTeX\tex/latex/biblatex/bbx\numeric.bb
x
File: numeric.bbx 2023/03/05 v3.19 biblatex bibliography style (PK/MW)
Package biblatex Info: Trying to load bibliography style 'standard'...
Package biblatex Info: ... file 'standard.bbx' found.

(C:\Users\Jeppe\AppData\Local\Programs\MiKTeX\tex/latex/biblatex/bbx\standard.b
bx
File: standard.bbx 2023/03/05 v3.19 biblatex bibliography style (PK/MW)
\c@bbx:relatedcount=\count465
\c@bbx:relatedtotal=\count466
)))
Package biblatex Info: Trying to load citation style 'numeric-comp'...
Package biblatex Info: ... file 'numeric-comp.cbx' found.

(C:\Users\Jeppe\AppData\Local\Programs\MiKTeX\tex/latex/biblatex/cbx\numeric-co
mp.cbx
File: numeric-comp.cbx 2023/03/05 v3.19 biblatex citation style (PK/MW)
\c@cbx@tempcnta=\count467
\c@cbx@tempcntb=\count468
\c@cbx@tempcntc=\count469
\c@cbx@tempcntd=\count470
Package biblatex Info: Redefining '\cite'.
Package biblatex Info: Redefining '\parencite'.
Package biblatex Info: Redefining '\footcite'.
Package biblatex Info: Redefining '\footcitetext'.
Package biblatex Info: Redefining '\smartcite'.
Package biblatex Info: Redefining '\supercite'.
Package biblatex Info: Redefining '\textcite'.
Package biblatex Info: Redefining '\textcites'.
Package biblatex Info: Redefining '\cites'.
Package biblatex Info: Redefining '\parencites'.
Package biblatex Info: Redefining '\smartcites'.
)
Package biblatex Info: Trying to load configuration file...
Package biblatex Info: ... file 'biblatex.cfg' found.

(C:\Users\Jeppe\AppData\Local\Programs\MiKTeX\tex/latex/biblatex\biblatex.cfg
File: biblatex.cfg 
)
Package biblatex Info: Input encoding 'utf8' detected.
Package biblatex Info: Document encoding is UTF8 ....
Package biblatex Info: ... and expl3
(biblatex)             2023-02-22 L3 programming layer (loader) 
(biblatex)             is new enough (at least 2020/04/06),
(biblatex)             setting 'casechanger=expl3'.

(C:\Users\Jeppe\AppData\Local\Programs\MiKTeX\tex/latex/biblatex\blx-case-expl3
.sty
(C:\Users\Jeppe\AppData\Local\Programs\MiKTeX\tex/latex/l3packages/xparse\xpars
e.sty
Package: xparse 2023-01-16 L3 Experimental document command parser
)
Package: blx-case-expl3 2023/03/05 v3.19 expl3 case changing code for biblatex
))
(C:\Users\Jeppe\AppData\Local\Programs\MiKTeX\tex/latex/tocbibind\tocbibind.sty
Package: tocbibind 2010/10/13 v1.5k extra ToC listings
Package tocbibind Info: The document has chapter divisions on input line 50.

Package tocbibind Note: Using chapter style headings, unless overridden.

) (C:\Users\Jeppe\AppData\Local\Programs\MiKTeX\tex/latex/lastpage\lastpage.sty
Package: lastpage 2023/03/07 v2.0a lastpage: 2.09 or 2e? (HMM)

(C:\Users\Jeppe\AppData\Local\Programs\MiKTeX\tex/latex/lastpage\lastpage2e.sty
Package: lastpage2e 2023/03/07 v2.0a Decide which 2e lastpage version to use (H
MM)

(C:\Users\Jeppe\AppData\Local\Programs\MiKTeX\tex/latex/lastpage\lastpagemodern
.sty
Package: lastpagemodern 2023-03-07 v2.0a Refers to last page's name (HMM; JPG)
) 
))
(C:\Users\Jeppe\AppData\Local\Programs\MiKTeX\tex/latex/todonotes\todonotes.sty
Package: todonotes 2023/01/31 v1.1.6 Todonotes source and documentation.
Package: todonotes 2023/01/31
\c@@todonotes@numberoftodonotes=\count471
) (C:\Users\Jeppe\AppData\Local\Programs\MiKTeX\tex/latex/hyperref\hyperref.sty
Package: hyperref 2023-02-07 v7.00v Hypertext links for LaTeX

(C:\Users\Jeppe\AppData\Local\Programs\MiKTeX\tex/generic/kvdefinekeys\kvdefine
keys.sty
Package: kvdefinekeys 2019-12-19 v1.6 Define keys (HO)
)
(C:\Users\Jeppe\AppData\Local\Programs\MiKTeX\tex/generic/pdfescape\pdfescape.s
ty
Package: pdfescape 2019/12/09 v1.15 Implements pdfTeX's escape features (HO)
) (C:\Users\Jeppe\AppData\Local\Programs\MiKTeX\tex/latex/hycolor\hycolor.sty
Package: hycolor 2020-01-27 v1.10 Color options for hyperref/bookmark (HO)
)
(C:\Users\Jeppe\AppData\Local\Programs\MiKTeX\tex/latex/letltxmacro\letltxmacro
.sty
Package: letltxmacro 2019/12/03 v1.6 Let assignment for LaTeX macros (HO)
)
(C:\Users\Jeppe\AppData\Local\Programs\MiKTeX\tex/latex/auxhook\auxhook.sty
Package: auxhook 2019-12-17 v1.6 Hooks for auxiliary files (HO)
)
(C:\Users\Jeppe\AppData\Local\Programs\MiKTeX\tex/latex/hyperref\nameref.sty
Package: nameref 2022-05-17 v2.50 Cross-referencing by name of section

(C:\Users\Jeppe\AppData\Local\Programs\MiKTeX\tex/latex/refcount\refcount.sty
Package: refcount 2019/12/15 v3.6 Data extraction from label references (HO)
)
(C:\Users\Jeppe\AppData\Local\Programs\MiKTeX\tex/generic/gettitlestring\gettit
lestring.sty
Package: gettitlestring 2019/12/15 v1.6 Cleanup title references (HO)
)
\c@section@level=\count472
)
\@linkdim=\dimen315
\Hy@linkcounter=\count473
\Hy@pagecounter=\count474

(C:\Users\Jeppe\AppData\Local\Programs\MiKTeX\tex/latex/hyperref\pd1enc.def
File: pd1enc.def 2023-02-07 v7.00v Hyperref: PDFDocEncoding definition (HO)
Now handling font encoding PD1 ...
... no UTF-8 mapping file for font encoding PD1
)
(C:\Users\Jeppe\AppData\Local\Programs\MiKTeX\tex/generic/intcalc\intcalc.sty
Package: intcalc 2019/12/15 v1.3 Expandable calculations with integers (HO)
)
(C:\Users\Jeppe\AppData\Local\Programs\MiKTeX\tex/generic/etexcmds\etexcmds.sty
Package: etexcmds 2019/12/15 v1.7 Avoid name clashes with e-TeX commands (HO)
)
\Hy@SavedSpaceFactor=\count475
 (C:\Users\Jeppe\AppData\Local\Programs\MiKTeX\tex/latex/hyperref\puenc.def
File: puenc.def 2023-02-07 v7.00v Hyperref: PDF Unicode definition (HO)
Now handling font encoding PU ...
... no UTF-8 mapping file for font encoding PU
)
Package hyperref Info: Hyper figures OFF on input line 4177.
Package hyperref Info: Link nesting OFF on input line 4182.
Package hyperref Info: Hyper index ON on input line 4185.
Package hyperref Info: Plain pages OFF on input line 4192.
Package hyperref Info: Backreferencing OFF on input line 4197.
Package hyperref Info: Implicit mode ON; LaTeX internals redefined.
Package hyperref Info: Bookmarks ON on input line 4425.
\c@Hy@tempcnt=\count476
LaTeX Info: Redefining \url on input line 4763.
\XeTeXLinkMargin=\dimen316

(C:\Users\Jeppe\AppData\Local\Programs\MiKTeX\tex/generic/bitset\bitset.sty
Package: bitset 2019/12/09 v1.3 Handle bit-vector datatype (HO)

(C:\Users\Jeppe\AppData\Local\Programs\MiKTeX\tex/generic/bigintcalc\bigintcalc
.sty
Package: bigintcalc 2019/12/15 v1.5 Expandable calculations on big integers (HO
)
))
\Fld@menulength=\count477
\Field@Width=\dimen317
\Fld@charsize=\dimen318
Package hyperref Info: Hyper figures OFF on input line 6042.
Package hyperref Info: Link nesting OFF on input line 6047.
Package hyperref Info: Hyper index ON on input line 6050.
Package hyperref Info: backreferencing OFF on input line 6057.
Package hyperref Info: Link coloring OFF on input line 6062.
Package hyperref Info: Link coloring with OCG OFF on input line 6067.
Package hyperref Info: PDF/A mode OFF on input line 6072.

(C:\Users\Jeppe\AppData\Local\Programs\MiKTeX\tex/latex/base\atbegshi-ltx.sty
Package: atbegshi-ltx 2021/01/10 v1.0c Emulation of the original atbegshi
package with kernel methods
)
\Hy@abspage=\count478
\c@Item=\count479
\c@Hfootnote=\count480
)
Package hyperref Info: Driver (autodetected): hpdftex.
(C:\Users\Jeppe\AppData\Local\Programs\MiKTeX\tex/latex/hyperref\hpdftex.def
File: hpdftex.def 2023-02-07 v7.00v Hyperref driver for pdfTeX

(C:\Users\Jeppe\AppData\Local\Programs\MiKTeX\tex/latex/base\atveryend-ltx.sty
Package: atveryend-ltx 2020/08/19 v1.0a Emulation of the original atveryend pac
kage
with kernel methods
)
\Fld@listcount=\count481
\c@bookmark@seq@number=\count482

(C:\Users\Jeppe\AppData\Local\Programs\MiKTeX\tex/latex/rerunfilecheck\rerunfil
echeck.sty
Package: rerunfilecheck 2022-07-10 v1.10 Rerun checks for auxiliary files (HO)

(C:\Users\Jeppe\AppData\Local\Programs\MiKTeX\tex/generic/uniquecounter\uniquec
ounter.sty
Package: uniquecounter 2019/12/15 v1.4 Provide unlimited unique counter (HO)
)
Package uniquecounter Info: New unique counter `rerunfilecheck' on input line 2
85.
)
\Hy@SectionHShift=\skip106
)

Package hyperref Warning: Option `pdfpagelabels' has already been used,
(hyperref)                setting the option has no effect on input line 192.

Package hyperref Info: Option `plainpages' set `true' on input line 192.
Package hyperref Info: Option `bookmarksnumbered' set `true' on input line 192.

Package hyperref Info: Option `colorlinks' set `false' on input line 192.
(C:\Users\Jeppe\AppData\Local\Programs\MiKTeX\tex/latex/cleveref\cleveref.sty
Package: cleveref 2018/03/27 v0.21.4 Intelligent cross-referencing
Package cleveref Info: `hyperref' support loaded on input line 2370.
LaTeX Info: Redefining \cref on input line 2370.
LaTeX Info: Redefining \Cref on input line 2370.
LaTeX Info: Redefining \crefrange on input line 2370.
LaTeX Info: Redefining \Crefrange on input line 2370.
LaTeX Info: Redefining \cpageref on input line 2370.
LaTeX Info: Redefining \Cpageref on input line 2370.
LaTeX Info: Redefining \cpagerefrange on input line 2370.
LaTeX Info: Redefining \Cpagerefrange on input line 2370.
LaTeX Info: Redefining \labelcref on input line 2370.
LaTeX Info: Redefining \labelcpageref on input line 2370.
Package cleveref Info: `ntheorem' support loaded on input line 3055.
Package cleveref Info: `algorithmicx' support loaded on input line 3120.
Package cleveref Info: always capitalise cross-reference names on input line 78
25.
Package cleveref Info: always capitalise cross-reference names on input line 78
52.
)
(C:\Users\Jeppe\AppData\Local\Programs\MiKTeX\tex/latex/setspace\setspace.sty
Package: setspace 2022/12/04 v6.7b set line spacing
)
(C:\Users\Jeppe\AppData\Local\Programs\MiKTeX\tex/latex/matlab-prettifier\matla
b-prettifier.sty
Package: matlab-prettifier 2014/06/19 v0.3 A package for prettyprinting Matlab 
source code

(C:\Users\Jeppe\AppData\Local\Programs\MiKTeX\tex/latex/base\textcomp.sty
Package: textcomp 2020/02/02 v2.0n Standard LaTeX package
)
(C:\Users\Jeppe\AppData\Local\Programs\MiKTeX\tex/latex/listings\listings.sty
\lst@mode=\count483
\lst@gtempboxa=\box81
\lst@token=\toks65
\lst@length=\count484
\lst@currlwidth=\dimen319
\lst@column=\count485
\lst@pos=\count486
\lst@lostspace=\dimen320
\lst@width=\dimen321
\lst@newlines=\count487
\lst@lineno=\count488
\lst@maxwidth=\dimen322

(C:\Users\Jeppe\AppData\Local\Programs\MiKTeX\tex/latex/listings\lstmisc.sty
File: lstmisc.sty 2023/02/27 1.9 (Carsten Heinz)
\c@lstnumber=\count489
\lst@skipnumbers=\count490
\lst@framebox=\box82
)
(C:\Users\Jeppe\AppData\Local\Programs\MiKTeX\tex/latex/listings\listings.cfg
File: listings.cfg 2023/02/27 1.9 listings configuration
))
Package: listings 2023/02/27 1.9 (Carsten Heinz)
\netBracketCount@mlpr=\count491
\blkLvl@mlpr=\count492
\blkLvlAtClassdef@mlpr=\count493
\emHeight@mlpr=\skip107
\jayDepth@mlpr=\skip108
\sectionRuleOffset@mlpr=\skip109
\toks@mlpr=\toks66
)
Package Listings Info: Made " a short reference for \lstinline on input line 19
9.
) (setup/hyphenations.tex) (setup/macros.tex
\c@currexactr=\count494
\c@endexactr=\count495
\c@exa=\count496
)

Package biblatex Warning: hyperref package option 'plainpages' enabled.
(biblatex)                This may cause problems with hyperlinked back
(biblatex)                references. 'plainpages=false' is recommended.


Package biblatex Warning: 'babel/polyglossia' detected but 'csquotes' missing.
(biblatex)                Loading 'csquotes' recommended.

\@quotelevel=\count497
\@quotereset=\count498
(master.aux)
\openout1 = `master.aux'.

LaTeX Font Info:    Checking defaults for OML/cmm/m/it on input line 23.
LaTeX Font Info:    ... okay on input line 23.
LaTeX Font Info:    Checking defaults for OMS/cmsy/m/n on input line 23.
LaTeX Font Info:    ... okay on input line 23.
LaTeX Font Info:    Checking defaults for OT1/cmr/m/n on input line 23.
LaTeX Font Info:    ... okay on input line 23.
LaTeX Font Info:    Checking defaults for T1/cmr/m/n on input line 23.
LaTeX Font Info:    ... okay on input line 23.
LaTeX Font Info:    Checking defaults for TS1/cmr/m/n on input line 23.
LaTeX Font Info:    ... okay on input line 23.
LaTeX Font Info:    Checking defaults for OMX/cmex/m/n on input line 23.
LaTeX Font Info:    ... okay on input line 23.
LaTeX Font Info:    Checking defaults for U/cmr/m/n on input line 23.
LaTeX Font Info:    ... okay on input line 23.
LaTeX Font Info:    Checking defaults for PD1/pdf/m/n on input line 23.
LaTeX Font Info:    ... okay on input line 23.
LaTeX Font Info:    Checking defaults for PU/pdf/m/n on input line 23.
LaTeX Font Info:    ... okay on input line 23.

(C:\Users\Jeppe\AppData\Local\Programs\MiKTeX\tex/context/base/mkii\supp-pdf.mk
ii
[Loading MPS to PDF converter (version 2006.09.02).]
\scratchcounter=\count499
\scratchdimen=\dimen323
\scratchbox=\box83
\nofMPsegments=\count500
\nofMParguments=\count501
\everyMPshowfont=\toks67
\MPscratchCnt=\count502
\MPscratchDim=\dimen324
\MPnumerator=\count503
\makeMPintoPDFobject=\count504
\everyMPtoPDFconversion=\toks68
)
(C:\Users\Jeppe\AppData\Local\Programs\MiKTeX\tex/latex/epstopdf-pkg\epstopdf-b
ase.sty
Package: epstopdf-base 2020-01-24 v2.11 Base part for package epstopdf
Package epstopdf-base Info: Redefining graphics rule for `.eps' on input line 4
85.

(C:\Users\Jeppe\AppData\Local\Programs\MiKTeX\tex/latex/00miktex\epstopdf-sys.c
fg
File: epstopdf-sys.cfg 2021/03/18 v2.0 Configuration of epstopdf for MiKTeX
))
Package caption Info: Begin \AtBeginDocument code.
Package caption Info: float package is loaded.
Package caption Info: hyperref package is loaded.
Package caption Info: listings package is loaded.
Package caption Info: End \AtBeginDocument code.

(C:\Users\Jeppe\AppData\Local\Programs\MiKTeX\tex/latex/translations/dicts\tran
slations-basic-dictionary-english.trsl
File: translations-basic-dictionary-english.trsl (english translation file `tra
nslations-basic-dictionary')
)
Package translations Info: loading dictionary `translations-basic-dictionary' f
or `english'. on input line 23.
Package translations Info: no dictionary file `translations-basic-dictionary-da
nish.trsl' found. on input line 23.

*geometry* driver: auto-detecting
*geometry* detected driver: pdftex
*geometry* verbose mode - [ preamble ] result:
* driver: pdftex
* paper: a4paper
* layout: <same size as paper>
* layoutoffset:(h,v)=(0.0pt,0.0pt)
* modes: twoside 
* h-part:(L,W,R)=(79.66771pt, 438.17245pt, 79.66771pt)
* v-part:(T,H,B)=(101.40665pt, 591.5302pt, 152.11pt)
* \paperwidth=597.50787pt
* \paperheight=845.04684pt
* \textwidth=438.17245pt
* \textheight=591.5302pt
* \oddsidemargin=7.39772pt
* \evensidemargin=7.39772pt
* \topmargin=-7.86334pt
* \headheight=12.0pt
* \headsep=25.0pt
* \topskip=11.0pt
* \footskip=30.0pt
* \marginparwidth=103.0pt
* \marginparsep=10.0pt
* \columnsep=10.0pt
* \skip\footins=10.0pt plus 4.0pt minus 2.0pt
* \hoffset=0.0pt
* \voffset=0.0pt
* \mag=1000
* \@twocolumnfalse
* \@twosidetrue
* \@mparswitchtrue
* \@reversemarginfalse
* (1in=72.27pt=25.4mm, 1cm=28.453pt)

Package biblatex Info: Trying to load language 'english'...
Package biblatex Info: ... file 'english.lbx' found.

(C:\Users\Jeppe\AppData\Local\Programs\MiKTeX\tex/latex/biblatex/lbx\english.lb
x
File: english.lbx 2023/03/05 v3.19 biblatex localization (PK/MW)
)
Package biblatex Info: Trying to load language 'danish'...
Package biblatex Info: ... file 'danish.lbx' found.

(C:\Users\Jeppe\AppData\Local\Programs\MiKTeX\tex/latex/biblatex/lbx\danish.lbx
File: danish.lbx 2023/03/05 v3.19 biblatex localization (PK/MW)
)
Package biblatex Info: Input encoding 'utf8' detected.
Package biblatex Info: Data encoding 'utf8' specified.
(biblatex)             No need to reencode data.
\openout4 = `master.bcf'.

Package biblatex Info: Trying to load bibliographic data...
Package biblatex Info: ... file 'master.bbl' found.
 (master.bbl)
Package biblatex Info: Reference section=0 on input line 23.
Package biblatex Info: Reference segment=0 on input line 23.
Package hyperref Info: Link coloring OFF on input line 23.
 (master.out) (master.out)
\@outlinefile=\write5
\openout5 = `master.out'.

\c@lstlisting=\count505
 (sections/frontpage.tex
LaTeX Font Info:    Trying to load font information for OT1+pplx on input line 
21.

(C:\Users\Jeppe\AppData\Local\Programs\MiKTeX\tex/latex/psnfss\ot1pplx.fd
File: ot1pplx.fd 2004/09/06 font definitions for OT1/pplx.
)
LaTeX Font Info:    Trying to load font information for OML+zplm on input line 
21.

(C:\Users\Jeppe\AppData\Local\Programs\MiKTeX\tex/latex/psnfss\omlzplm.fd
File: omlzplm.fd 2002/09/08 Fontinst v1.914 font definitions for OML/zplm.
)
LaTeX Font Info:    Trying to load font information for OMS+zplm on input line 
21.

(C:\Users\Jeppe\AppData\Local\Programs\MiKTeX\tex/latex/psnfss\omszplm.fd
File: omszplm.fd 2002/09/08 Fontinst v1.914 font definitions for OMS/zplm.
)
LaTeX Font Info:    Trying to load font information for OMX+zplm on input line 
21.

(C:\Users\Jeppe\AppData\Local\Programs\MiKTeX\tex/latex/psnfss\omxzplm.fd
File: omxzplm.fd 2002/09/08 Fontinst v1.914 font definitions for OMX/zplm.
)
LaTeX Font Info:    Trying to load font information for OT1+zplm on input line 
21.

(C:\Users\Jeppe\AppData\Local\Programs\MiKTeX\tex/latex/psnfss\ot1zplm.fd
File: ot1zplm.fd 2002/09/08 Fontinst v1.914 font definitions for OT1/zplm.
)
LaTeX Font Info:    Font shape `U/msa/m/n' will be
(Font)              scaled to size 11.40997pt on input line 21.
LaTeX Font Info:    Font shape `U/msa/m/n' will be
(Font)              scaled to size 8.33606pt on input line 21.
LaTeX Font Info:    Font shape `U/msa/m/n' will be
(Font)              scaled to size 6.25204pt on input line 21.
LaTeX Font Info:    Font shape `U/msb/m/n' will be
(Font)              scaled to size 11.40997pt on input line 21.
LaTeX Font Info:    Font shape `U/msb/m/n' will be
(Font)              scaled to size 8.33606pt on input line 21.
LaTeX Font Info:    Font shape `U/msb/m/n' will be
(Font)              scaled to size 6.25204pt on input line 21.

[1

{C:/Users/Jeppe/AppData/Local/MiKTeX/fonts/map/pdftex/pdftex.map}])
(sections/colophon.tex
LaTeX Font Info:    Trying to load font information for TS1+pplx on input line 
4.

(C:\Users\Jeppe\AppData\Local\Programs\MiKTeX\tex/latex/psnfss\ts1pplx.fd
File: ts1pplx.fd 2004/09/06 font definitions for TS1/pplx.
)
[2

]) (sections/titlepages.tex
\titlepageleftcolumnwidth=\skip110
\titlepagerightcolumnwidth=\skip111
<figures/aau_logo_en.pdf, id=201, 115.43124pt x 77.28876pt>
File: figures/aau_logo_en.pdf Graphic file (type pdf)
<use figures/aau_logo_en.pdf>
Package pdftex.def Info: figures/aau_logo_en.pdf  used on input line 31.
(pdftex.def)             Requested size: 213.08623pt x 142.68593pt.

Underfull \hbox (badness 10000) in paragraph at lines 31--31

 []

LaTeX Font Info:    Trying to load font information for T1+cmss on input line 3
1.
(C:\Users\Jeppe\AppData\Local\Programs\MiKTeX\tex/latex/base\t1cmss.fd
File: t1cmss.fd 2022/07/10 v2.5l Standard LaTeX font definitions
)
Underfull \hbox (badness 2980) in paragraph at lines 31--31
\T1/pplx/m/n/10.95 Optimal and Model-Free Re-in-force-ment
 []


Underfull \hbox (badness 1895) in paragraph at lines 31--31
\T1/pplx/m/n/10.95 and ap-pli-ca-tion of op-ti-mal model-free
 []


Overfull \hbox (3.18648pt too wide) in paragraph at lines 31--31
[] 
 []

[3

 <./figures/aau_logo_en.pdf>]) [4



] (master.toc [5

])
\tf@toc=\write6
\openout6 = `master.toc'.

 (sections/preface.tex
[6]) (sections/NotationSummary.tex [7

] [8

]) [9] (sections/introduction.tex
Chapter 1.

LaTeX Warning: Citation 'UN_SDG6162' on page 1 undefined on input line 5.


LaTeX Warning: Citation 'FAOandUNWater2021' on page 1 undefined on input line 1
2.


LaTeX Warning: Citation 'UN_SDG6' on page 1 undefined on input line 14.


LaTeX Warning: Citation 'EuroStat' on page 1 undefined on input line 14.


pdfTeX warning (ext4): destination with the same identifier (name{page.1}) has 
been already used, duplicate ignored
<to be read again> 
                   \relax 
l.18 T
      he purpose of a water distribution network is to supply water from a p...
[1


]

LaTeX Warning: Citation 'MathiasJeppe730' on page 2 undefined on input line 20.



LaTeX Warning: Citation 'Rathore1030' on page 2 undefined on input line 20.


pdfTeX warning (ext4): destination with the same identifier (name{page.2}) has 
been already used, duplicate ignored
<to be read again> 
                   \relax 
l.32 \newpage
              \clearpage [2]
pdfTeX warning (ext4): destination with the same identifier (name{page.3}) has 
been already used, duplicate ignored
<to be read again> 
                   \relax 
l.52 \newpage
              [3

]) (sections/ReinforcemntLearning.tex
Chapter 2.

LaTeX Warning: Citation 'Sutton2020' on page 4 undefined on input line 3.


pdfTeX warning (ext4): destination with the same identifier (name{page.4}) has 
been already used, duplicate ignored
<to be read again> 
                   \relax 
l.5 \newpage
             [4

]
<Figures/AgentEnvironment.pdf, id=316, 316.3017pt x 111.29579pt>
File: Figures/AgentEnvironment.pdf Graphic file (type pdf)
<use Figures/AgentEnvironment.pdf>
Package pdftex.def Info: Figures/AgentEnvironment.pdf  used on input line 12.
(pdftex.def)             Requested size: 438.17245pt x 154.18611pt.
LaTeX Font Info:    Trying to load font information for U+fplmbb on input line 
23.

(C:\Users\Jeppe\AppData\Local\Programs\MiKTeX\tex/latex/psnfss\ufplmbb.fd
File: ufplmbb.fd 2003/10/30 Fontinst v1.914 font definitions for U/fplmbb.
)

LaTeX Warning: Citation 'Sutton2020' on page 5 undefined on input line 25.


pdfTeX warning (ext4): destination with the same identifier (name{page.5}) has 
been already used, duplicate ignored
<to be read again> 
                   \relax 
l.39 
      [5 <./Figures/AgentEnvironment.pdf>]
pdfTeX warning (ext4): destination with the same identifier (name{page.6}) has 
been already used, duplicate ignored
<to be read again> 
                   \relax 
l.103 
       [6]
pdfTeX warning (ext4): destination with the same identifier (name{page.7}) has 
been already used, duplicate ignored
<to be read again> 
                   \relax 
l.140 \newpage
               [7]
pdfTeX warning (ext4): destination with the same identifier (name{page.8}) has 
been already used, duplicate ignored
<to be read again> 
                   \relax 
l.176 
       [8]

LaTeX Warning: Citation 'Busoniu2010' on page 9 undefined on input line 188.


LaTeX Warning: Citation 'Sutton2020' on page 9 undefined on input line 188.


LaTeX Warning: Citation 'DaMottaSallesBarreto2008' on page 9 undefined on input
 line 188.


LaTeX Warning: Citation 'Sutton2020' on page 9 undefined on input line 188.


pdfTeX warning (ext4): destination with the same identifier (name{page.9}) has 
been already used, duplicate ignored
<to be read again> 
                   \relax 
l.199 \end{equation}
                     [9]

LaTeX Warning: Citation 'Sutton2020' on page 10 undefined on input line 203.


LaTeX Warning: Citation 'Busoniu2010' on page 10 undefined on input line 224.

[10]

LaTeX Warning: Citation 'Sutton2020' on page 11 undefined on input line 238.


LaTeX Warning: Citation 'Sutton2020' on page 11 undefined on input line 243.

LaTeX Font Info:    Font shape `U/msa/m/n' will be
(Font)              scaled to size 9.37807pt on input line 249.
LaTeX Font Info:    Font shape `U/msa/m/n' will be
(Font)              scaled to size 7.29405pt on input line 249.
LaTeX Font Info:    Font shape `U/msb/m/n' will be
(Font)              scaled to size 9.37807pt on input line 249.
LaTeX Font Info:    Font shape `U/msb/m/n' will be
(Font)              scaled to size 7.29405pt on input line 249.
[11]

LaTeX Warning: Citation 'Overgaard2019' on page 12 undefined on input line 263.



Overfull \hbox (29.30418pt too wide) in paragraph at lines 263--264
\T1/pplx/m/n/10.95 squared er-ror be-tween the true state-action func-tion and 
the es-ti-mated func-tion [[]]: 
 []


LaTeX Warning: Citation 'Overgaard2019' on page 12 undefined on input line 280.



LaTeX Warning: Citation 'Sutton2020' on page 12 undefined on input line 280.

[12] [13]) (sections/WaterDistributionNetwork.tex
Chapter 3.

LaTeX Warning: Citation 'Val2021a' on page 14 undefined on input line 2.

<Figures/WDNintro.pdf, id=414, 492.88138pt x 311.24278pt>
File: Figures/WDNintro.pdf Graphic file (type pdf)
<use Figures/WDNintro.pdf>
Package pdftex.def Info: Figures/WDNintro.pdf  used on input line 6.
(pdftex.def)             Requested size: 262.90614pt x 166.01695pt.
[14

 <./Figures/WDNintro.pdf>]

LaTeX Warning: Citation 'Jensen' on page 15 undefined on input line 14.

<Figures/WDN.pdf, id=431, 296.06609pt x 212.71469pt>
File: Figures/WDN.pdf Graphic file (type pdf)
<use Figures/WDN.pdf>
Package pdftex.def Info: Figures/WDN.pdf  used on input line 18.
(pdftex.def)             Requested size: 354.91861pt x 254.99992pt.
[15 <./Figures/WDN.pdf>]

LaTeX Warning: Citation 'Rathore930' on page 16 undefined on input line 47.


LaTeX Warning: Citation 'MathiasJeppe730' on page 16 undefined on input line 47
.

[16]
<Figures/Consumption.pdf, id=464, 359.3425pt x 288.07625pt>
File: Figures/Consumption.pdf Graphic file (type pdf)
<use Figures/Consumption.pdf>
Package pdftex.def Info: Figures/Consumption.pdf  used on input line 108.
(pdftex.def)             Requested size: 306.71938pt x 245.90773pt.
 [17 <./Figures/Consumption.pdf>]) (sections/ReinforcementLearningOnWDN.tex
Chapter 4.

LaTeX Warning: Citation 'Sutton2020' on page 18 undefined on input line 5.

[18

] [19

]
<Figures/QuadBarrierFuncA10B60.pdf, id=504, 380.42125pt x 292.09125pt>
File: Figures/QuadBarrierFuncA10B60.pdf Graphic file (type pdf)
<use Figures/QuadBarrierFuncA10B60.pdf>
Package pdftex.def Info: Figures/QuadBarrierFuncA10B60.pdf  used on input line 
62.
(pdftex.def)             Requested size: 306.71938pt x 235.50955pt.
 [20 <./Figures/QuadBarrierFuncA10B60.pdf>]

pdfTeX warning: pdflatex.exe (file ./figures/HeightStates - Copy.drawio.pdf): P
DF inclusion: found PDF version <1.7>, but at most version <1.5> allowed
<figures/HeightStates - Copy.drawio.pdf, id=550, 111.29579pt x 104.3097pt>
File: figures/HeightStates - Copy.drawio.pdf Graphic file (type pdf)
<use figures/HeightStates - Copy.drawio.pdf>
Package pdftex.def Info: figures/HeightStates - Copy.drawio.pdf  used on input 
line 85.
(pdftex.def)             Requested size: 213.39566pt x 200.02562pt.
[21

 <./figures/HeightStates - Copy.drawio.pdf>]
Package hyperref Info: bookmark level for unknown algorithm defaults to 0 on in
put line 132.

Overfull \hbox (8.91397pt too wide) detected at line 152
[]
 []


Overfull \hbox (18.61494pt too wide) detected at line 152
[]
 []

[22]

LaTeX Warning: Citation 'Sutton2020' on page 23 undefined on input line 198.

<Figures/RBF.pdf, id=586, 666.23906pt x 222.07968pt>
File: Figures/RBF.pdf Graphic file (type pdf)
<use Figures/RBF.pdf>
Package pdftex.def Info: Figures/RBF.pdf  used on input line 202.
(pdftex.def)             Requested size: 350.53929pt x 116.84772pt.

LaTeX Warning: Citation 'Sutton2020' on page 23 undefined on input line 203.


LaTeX Warning: Citation 'Sutton2020' on page 23 undefined on input line 203.


LaTeX Warning: `!h' float specifier changed to `!ht'.

[23]
<Figures/RadialSum.pdf, id=599, 364.36125pt x 289.08pt>
File: Figures/RadialSum.pdf Graphic file (type pdf)
<use Figures/RadialSum.pdf>
Package pdftex.def Info: Figures/RadialSum.pdf  used on input line 219.
(pdftex.def)             Requested size: 306.71938pt x 243.35486pt.
 [24 <./Figures/RBF.pdf> <./Figures/RadialSum.pdf>]
pdfTeX warning (ext4): destination with the same identifier (name{ALG@line.1}) 
has been already used, duplicate ignored
<to be read again> 
                   \relax 
l.241 		\State
               \textbf{Input:} $\alpha\in[0,\;1]$, small $\epsilon>0$, and $...

pdfTeX warning (ext4): destination with the same identifier (name{ALG@line.2}) 
has been already used, duplicate ignored
<to be read again> 
                   \relax 
l.243 		\State
               \textbf{Initialise:} weight vectors $ \textbf{w}_{t,a} $ for ...

pdfTeX warning (ext4): destination with the same identifier (name{ALG@line.3}) 
has been already used, duplicate ignored
<to be read again> 
                   \relax 
l.245 		\For
            {k=1,2,...}
pdfTeX warning (ext4): destination with the same identifier (name{ALG@line.4}) 
has been already used, duplicate ignored
<to be read again> 
                   \relax 
l.247 	\State
              Take action according to a $\epsilon$-greedy policy:
pdfTeX warning (ext4): destination with the same identifier (name{ALG@line.5}) 
has been already used, duplicate ignored
<to be read again> 
                   \relax 
l.255 \State
             Observe next states $ h(k+1) $, $ t(k+1) $ and cost $ J(k+1) $
pdfTeX warning (ext4): destination with the same identifier (name{ALG@line.6}) 
has been already used, duplicate ignored
<to be read again> 
                   \relax 
l.257 \State
             Update $ \textbf{w}_{t(k),a(k)} $ according to:
pdfTeX warning (ext4): destination with the same identifier (name{ALG@line.7}) 
has been already used, duplicate ignored
<to be read again> 
                   \relax 
l.266 		\EndFor
                [25] [26

]
<Figures/FFT.pdf, id=656, 352.31625pt x 301.125pt>
File: Figures/FFT.pdf Graphic file (type pdf)
<use Figures/FFT.pdf>
Package pdftex.def Info: Figures/FFT.pdf  used on input line 319.
(pdftex.def)             Requested size: 306.71938pt x 262.15123pt.

pdfTeX warning (ext4): destination with the same identifier (name{ALG@line.1}) 
has been already used, duplicate ignored
<to be read again> 
                   \relax 
l.355 		\State
               \textbf{Input:} $\alpha\in[0,\;1]$, small $\epsilon>0$, and $...

pdfTeX warning (ext4): destination with the same identifier (name{ALG@line.2}) 
has been already used, duplicate ignored
<to be read again> 
                   \relax 
l.357 		\State
               \textbf{Initialise:}  weight vectors $ \textbf{w}_{a} $ for a...

pdfTeX warning (ext4): destination with the same identifier (name{ALG@line.3}) 
has been already used, duplicate ignored
<to be read again> 
                   \relax 
l.359 		\For
            {k=1,2,...}
pdfTeX warning (ext4): destination with the same identifier (name{ALG@line.4}) 
has been already used, duplicate ignored
<to be read again> 
                   \relax 
l.361 		\State
               Take action according to a $\epsilon$-greedy policy:
pdfTeX warning (ext4): destination with the same identifier (name{ALG@line.5}) 
has been already used, duplicate ignored
<to be read again> 
                   \relax 
l.369 		\State
               Observe next states $ h(k+1) $, $ t(k+1) $ and cost $ J(k+1) $
pdfTeX warning (ext4): destination with the same identifier (name{ALG@line.6}) 
has been already used, duplicate ignored
<to be read again> 
                   \relax 
l.371 		\State
               Update $ \textbf{w}_{a(k)} $ according to:
pdfTeX warning (ext4): destination with the same identifier (name{ALG@line.7}) 
has been already used, duplicate ignored
<to be read again> 
                   \relax 
l.380 		\EndFor
                [27

 <./Figures/FFT.pdf>] [28]) (sections/Simulation.tex
Chapter 5.
[29


]
<figures/AlphaSweepTabRealHFull.pdf, id=702, 353.32pt x 299.1175pt>
File: figures/AlphaSweepTabRealHFull.pdf Graphic file (type pdf)
<use figures/AlphaSweepTabRealHFull.pdf>
Package pdftex.def Info: figures/AlphaSweepTabRealHFull.pdf  used on input line
 31.
(pdftex.def)             Requested size: 306.71938pt x 259.66872pt.


LaTeX Warning: `!h' float specifier changed to `!ht'.

<figures/AlphaSweepTabRealHLeft.pdf, id=703, 353.32pt x 299.1175pt>
File: figures/AlphaSweepTabRealHLeft.pdf Graphic file (type pdf)
<use figures/AlphaSweepTabRealHLeft.pdf>
Package pdftex.def Info: figures/AlphaSweepTabRealHLeft.pdf  used on input line
 40.
(pdftex.def)             Requested size: 219.08623pt x 185.4783pt.
<figures/AlphaSweepTabRealHRight.pdf, id=704, 366.36874pt x 299.1175pt>
File: figures/AlphaSweepTabRealHRight.pdf Graphic file (type pdf)
<use figures/AlphaSweepTabRealHRight.pdf>
Package pdftex.def Info: figures/AlphaSweepTabRealHRight.pdf  used on input lin
e 46.
(pdftex.def)             Requested size: 219.08623pt x 178.87396pt.
<figures/50plot09.pdf, id=709, 421.575pt x 316.18124pt>
File: figures/50plot09.pdf Graphic file (type pdf)
<use figures/50plot09.pdf>
Package pdftex.def Info: figures/50plot09.pdf  used on input line 61.
(pdftex.def)             Requested size: 219.08623pt x 164.3187pt.
<figures/50plot01.pdf, id=710, 421.575pt x 316.18124pt>
File: figures/50plot01.pdf Graphic file (type pdf)
<use figures/50plot01.pdf>
Package pdftex.def Info: figures/50plot01.pdf  used on input line 67.
(pdftex.def)             Requested size: 219.08623pt x 164.3187pt.
[30

] [31 <./figures/AlphaSweepTabRealHFull.pdf>] [32 <./figures/AlphaSweepTabRealH
Left.pdf> <./figures/AlphaSweepTabRealHRight.pdf> <./figures/50plot09.pdf> <./f
igures/50plot01.pdf>]
<figures/GammaSweepTabRealH.pdf, id=854, 353.32pt x 299.1175pt>
File: figures/GammaSweepTabRealH.pdf Graphic file (type pdf)
<use figures/GammaSweepTabRealH.pdf>
Package pdftex.def Info: figures/GammaSweepTabRealH.pdf  used on input line 89.

(pdftex.def)             Requested size: 219.08623pt x 185.4783pt.
<figures/GammaSweepTabRealHZoom.pdf, id=855, 361.35pt x 299.1175pt>
File: figures/GammaSweepTabRealHZoom.pdf Graphic file (type pdf)
<use figures/GammaSweepTabRealHZoom.pdf>
Package pdftex.def Info: figures/GammaSweepTabRealHZoom.pdf  used on input line
 95.
(pdftex.def)             Requested size: 219.08623pt x 181.35687pt.
<figures/GammaSweepTabRealHNarrow.pdf, id=857, 358.33875pt x 299.1175pt>
File: figures/GammaSweepTabRealHNarrow.pdf Graphic file (type pdf)
<use figures/GammaSweepTabRealHNarrow.pdf>
Package pdftex.def Info: figures/GammaSweepTabRealHNarrow.pdf  used on input li
ne 107.
(pdftex.def)             Requested size: 306.71938pt x 256.04478pt.
 [33

 <./figures/GammaSweepTabRealH.pdf> <./figures/GammaSweepTabRealHZoom.pdf> <./f
igures/GammaSweepTabRealHNarrow.pdf>]
<figures/EpsilonSweepTabRealHWide.pdf, id=949, 353.32pt x 299.1175pt>
File: figures/EpsilonSweepTabRealHWide.pdf Graphic file (type pdf)
<use figures/EpsilonSweepTabRealHWide.pdf>
Package pdftex.def Info: figures/EpsilonSweepTabRealHWide.pdf  used on input li
ne 117.
(pdftex.def)             Requested size: 306.71938pt x 259.66872pt.
<figures/QConvergence09.pdf, id=952, 361.35pt x 299.1175pt>
File: figures/QConvergence09.pdf Graphic file (type pdf)
<use figures/QConvergence09.pdf>
Package pdftex.def Info: figures/QConvergence09.pdf  used on input line 133.
(pdftex.def)             Requested size: 306.71938pt x 253.89507pt.


LaTeX Warning: `!h' float specifier changed to `!ht'.

<figures/QConvergence02.pdf, id=953, 361.35pt x 299.1175pt>
File: figures/QConvergence02.pdf Graphic file (type pdf)
<use figures/QConvergence02.pdf>
Package pdftex.def Info: figures/QConvergence02.pdf  used on input line 140.
(pdftex.def)             Requested size: 306.71938pt x 253.89507pt.

LaTeX Warning: `!h' float specifier changed to `!ht'.

[34 <./figures/EpsilonSweepTabRealHWide.pdf>]
<figures/ConvergenceHeight02.pdf, id=992, 361.35pt x 299.1175pt>
File: figures/ConvergenceHeight02.pdf Graphic file (type pdf)
<use figures/ConvergenceHeight02.pdf>
Package pdftex.def Info: figures/ConvergenceHeight02.pdf  used on input line 15
3.
(pdftex.def)             Requested size: 219.08623pt x 181.35687pt.
<figures/ConvergenceHeight09.pdf, id=993, 361.35pt x 299.1175pt>
File: figures/ConvergenceHeight09.pdf Graphic file (type pdf)
<use figures/ConvergenceHeight09.pdf>
Package pdftex.def Info: figures/ConvergenceHeight09.pdf  used on input line 15
9.
(pdftex.def)             Requested size: 219.08623pt x 181.35687pt.
 [35 <./figures/QConvergence09.pdf>] [36 <./figures/QConvergence02.pdf> <./figu
res/ConvergenceHeight02.pdf> <./figures/ConvergenceHeight09.pdf>]
<figures/TabularResults2.pdf, id=1119, 352.31625pt x 292.09125pt>
File: figures/TabularResults2.pdf Graphic file (type pdf)
<use figures/TabularResults2.pdf>
Package pdftex.def Info: figures/TabularResults2.pdf  used on input line 174.
(pdftex.def)             Requested size: 306.71938pt x 254.28668pt.
<figures/TabularResults1.pdf, id=1123, 357.335pt x 292.09125pt>
File: figures/TabularResults1.pdf Graphic file (type pdf)
<use figures/TabularResults1.pdf>
Package pdftex.def Info: figures/TabularResults1.pdf  used on input line 183.
(pdftex.def)             Requested size: 306.71938pt x 250.73004pt.


LaTeX Warning: `!h' float specifier changed to `!ht'.

<figures/TabularResults3.pdf, id=1125, 366.36874pt x 299.1175pt>
File: figures/TabularResults3.pdf Graphic file (type pdf)
<use figures/TabularResults3.pdf>
Package pdftex.def Info: figures/TabularResults3.pdf  used on input line 194.
(pdftex.def)             Requested size: 219.08623pt x 178.87396pt.
<figures/TabularResults4.pdf, id=1126, 359.3425pt x 299.1175pt>
File: figures/TabularResults4.pdf Graphic file (type pdf)
<use figures/TabularResults4.pdf>
Package pdftex.def Info: figures/TabularResults4.pdf  used on input line 200.
(pdftex.def)             Requested size: 219.08623pt x 182.37468pt.
[37

 <./figures/TabularResults2.pdf>] [38 <./figures/TabularResults1.pdf>]
[39 <./figures/TabularResults3.pdf> <./figures/TabularResults4.pdf>]
Overfull \hbox (1.41599pt too wide) in paragraph at lines 214--214
|[]\T1/pplx/b/n/14.4 Continuous Height, and Dis-crete Time and Ac-tion Q-Learni
ng| 
 []

<figures/ContiniousHResults2.pdf, id=1217, 359.3425pt x 298.11375pt>
File: figures/ContiniousHResults2.pdf Graphic file (type pdf)
<use figures/ContiniousHResults2.pdf>
Package pdftex.def Info: figures/ContiniousHResults2.pdf  used on input line 23
2.
(pdftex.def)             Requested size: 306.71938pt x 254.47595pt.
[40

 <./figures/ContiniousHResults2.pdf>]
<figures/ContiniousHResults1.pdf, id=1246, 350.30875pt x 292.09125pt>
File: figures/ContiniousHResults1.pdf Graphic file (type pdf)
<use figures/ContiniousHResults1.pdf>
Package pdftex.def Info: figures/ContiniousHResults1.pdf  used on input line 24
1.
(pdftex.def)             Requested size: 306.71938pt x 255.76193pt.
 [41 <./figures/ContiniousHResults1.pdf>]
<figures/ContiniousHResults3.pdf, id=1272, 371.3875pt x 299.1175pt>
File: figures/ContiniousHResults3.pdf Graphic file (type pdf)
<use figures/ContiniousHResults3.pdf>
Package pdftex.def Info: figures/ContiniousHResults3.pdf  used on input line 25
1.
(pdftex.def)             Requested size: 306.71938pt x 247.03969pt.
 [42

 <./figures/ContiniousHResults3.pdf>]
<figures/DoubleContResults1.pdf, id=1322, 363.3575pt x 298.11375pt>
File: figures/DoubleContResults1.pdf Graphic file (type pdf)
<use figures/DoubleContResults1.pdf>
Package pdftex.def Info: figures/DoubleContResults1.pdf  used on input line 342
.
(pdftex.def)             Requested size: 306.71938pt x 251.65112pt.
 [43

 <./figures/DoubleContResults1.pdf>]
<figures/DoubleContResults2.pdf, id=1340, 368.37625pt x 292.09125pt>
File: figures/DoubleContResults2.pdf Graphic file (type pdf)
<use figures/DoubleContResults2.pdf>
Package pdftex.def Info: figures/DoubleContResults2.pdf  used on input line 351
.
(pdftex.def)             Requested size: 306.71938pt x 243.20226pt.
<figures/DoubleApprox02.pdf, id=1342, 366.36874pt x 299.1175pt>
File: figures/DoubleApprox02.pdf Graphic file (type pdf)
<use figures/DoubleApprox02.pdf>
Package pdftex.def Info: figures/DoubleApprox02.pdf  used on input line 362.
(pdftex.def)             Requested size: 219.08623pt x 178.87396pt.
<figures/DoubleApprox001.pdf, id=1343, 366.36874pt x 299.1175pt>
File: figures/DoubleApprox001.pdf Graphic file (type pdf)
<use figures/DoubleApprox001.pdf>
Package pdftex.def Info: figures/DoubleApprox001.pdf  used on input line 368.
(pdftex.def)             Requested size: 219.08623pt x 178.87396pt.


LaTeX Warning: Citation 'Sutton2020' on page 44 undefined on input line 376.

) [44 <./figures/DoubleContResults2.pdf>] (sections/Results.tex [45 <./figures/
DoubleApprox02.pdf> <./figures/DoubleApprox001.pdf>]
Chapter 6.

Underfull \hbox (badness 10000) in paragraph at lines 12--13

 []

[46

]
Underfull \hbox (badness 10000) in paragraph at lines 14--15

 []


Underfull \hbox (badness 10000) in paragraph at lines 18--19

 []

<Figures/SWIL.pdf, id=1427, 433.62pt x 289.08pt>
File: Figures/SWIL.pdf Graphic file (type pdf)
<use Figures/SWIL.pdf>
Package pdftex.def Info: Figures/SWIL.pdf  used on input line 27.
(pdftex.def)             Requested size: 306.71938pt x 204.48953pt.
[47 <./Figures/SWIL.pdf>]
<Figures/LABsetupPDF.pdf, id=1438, 286.1892pt x 213.67828pt>
File: Figures/LABsetupPDF.pdf Graphic file (type pdf)
<use Figures/LABsetupPDF.pdf>
Package pdftex.def Info: Figures/LABsetupPDF.pdf  used on input line 39.
(pdftex.def)             Requested size: 306.71938pt x 229.00519pt.
 [48

 <./Figures/LABsetupPDF.pdf>]
<figures/ResultHeight.pdf, id=1457, 357.335pt x 301.125pt>
File: figures/ResultHeight.pdf Graphic file (type pdf)
<use figures/ResultHeight.pdf>
Package pdftex.def Info: figures/ResultHeight.pdf  used on input line 53.
(pdftex.def)             Requested size: 306.71938pt x 258.48457pt.
 [49 <./figures/ResultHeight.pdf>]
<figures/ResultPumpSpeed.pdf, id=1474, 369.38pt x 301.125pt>
File: figures/ResultPumpSpeed.pdf Graphic file (type pdf)
<use figures/ResultPumpSpeed.pdf>
Package pdftex.def Info: figures/ResultPumpSpeed.pdf  used on input line 66.
(pdftex.def)             Requested size: 306.71938pt x 250.04395pt.
) (sections/Discussion.tex [50 <./figures/ResultPumpSpeed.pdf>]
Chapter 7.
[51

] [52] [53]
<figures/RBFandBarrier.pdf, id=1507, 348.30125pt x 302.12875pt>
File: figures/RBFandBarrier.pdf Graphic file (type pdf)
<use figures/RBFandBarrier.pdf>
Package pdftex.def Info: figures/RBFandBarrier.pdf  used on input line 54.
(pdftex.def)             Requested size: 306.71938pt x 266.07234pt.
<figures/RemovedCenter.pdf, id=1508, 359.3425pt x 298.11375pt>
File: figures/RemovedCenter.pdf Graphic file (type pdf)
<use figures/RemovedCenter.pdf>
Package pdftex.def Info: figures/RemovedCenter.pdf  used on input line 62.
(pdftex.def)             Requested size: 284.80942pt x 236.29878pt.


LaTeX Warning: `!h' float specifier changed to `!ht'.

<figures/RemovedRBF.pdf, id=1510, 364.36125pt x 289.08pt>
File: figures/RemovedRBF.pdf Graphic file (type pdf)
<use figures/RemovedRBF.pdf>
Package pdftex.def Info: figures/RemovedRBF.pdf  used on input line 71.
(pdftex.def)             Requested size: 284.80942pt x 225.9711pt.

LaTeX Warning: `!h' float specifier changed to `!ht'.

[54 <./figures/RBFandBarrier.pdf>] [55 <./figures/RemovedCenter.pdf> <./figures
/RemovedRBF.pdf>]
Overfull \hbox (0.92642pt too wide) in paragraph at lines 86--86
|[]\T1/pplx/b/n/14.4 Generalisation to other Wa-ter Dis-tri-bu-tion Net-works a
nd Real
 []

) (sections/conclusion.tex [56]
Chapter 8.
)

LaTeX Warning: Empty bibliography on input line 64.

[57

] (sections/appendices.tex
Appendix A.
Package hyperref Info: bookmark level for unknown lstlisting defaults to 0 on i
nput line 5.
LaTeX Font Info:    Trying to load font information for T1+fvm on input line 5.

(C:\Users\Jeppe\AppData\Local\Programs\MiKTeX\tex/latex/bera\t1fvm.fd
File: t1fvm.fd 2004/09/07 scalable font definitions for T1/fvm.
)
LaTeX Font Info:    Font shape `T1/fvm/m/n' will be
(Font)              scaled to size 9.30756pt on input line 5.

(code/nextstatefunctionapprox.m
Package textcomp Info: Symbol \textminus not provided by
(textcomp)             font family fvm in TS1 encoding.
(textcomp)             Default family used instead on input line 3.
LaTeX Font Info:    Trying to load font information for TS1+fvm on input line 1
1.

(C:\Users\Jeppe\AppData\Local\Programs\MiKTeX\tex/latex/bera\ts1fvm.fd
File: ts1fvm.fd 2004/09/07 scalable font definitions for TS1/fvm.
)
LaTeX Font Info:    Font shape `TS1/fvm/m/n' will be
(Font)              scaled to size 9.30756pt on input line 11.
Package textcomp Info: Symbol \textminus not provided by
(textcomp)             font family fvm in TS1 encoding.
(textcomp)             Default family used instead on input line 11.
)
[58


] (code/continuousHeight.m
Package textcomp Info: Symbol \textminus not provided by
(textcomp)             font family fvm in TS1 encoding.
(textcomp)             Default family used instead on input line 22.
Package textcomp Info: Symbol \textminus not provided by
(textcomp)             font family fvm in TS1 encoding.
(textcomp)             Default family used instead on input line 22.
Package textcomp Info: Symbol \textminus not provided by
(textcomp)             font family fvm in TS1 encoding.
(textcomp)             Default family used instead on input line 33.
Package textcomp Info: Symbol \textminus not provided by
(textcomp)             font family fvm in TS1 encoding.
(textcomp)             Default family used instead on input line 33.
Package textcomp Info: Symbol \textminus not provided by
(textcomp)             font family fvm in TS1 encoding.
(textcomp)             Default family used instead on input line 35.
Package textcomp Info: Symbol \textminus not provided by
(textcomp)             font family fvm in TS1 encoding.
(textcomp)             Default family used instead on input line 35.
Package textcomp Info: Symbol \textminus not provided by
(textcomp)             font family fvm in TS1 encoding.
(textcomp)             Default family used instead on input line 35.
Package textcomp Info: Symbol \textminus not provided by
(textcomp)             font family fvm in TS1 encoding.
(textcomp)             Default family used instead on input line 35.
Package textcomp Info: Symbol \textminus not provided by
(textcomp)             font family fvm in TS1 encoding.
(textcomp)             Default family used instead on input line 35.
Package textcomp Info: Symbol \textminus not provided by
(textcomp)             font family fvm in TS1 encoding.
(textcomp)             Default family used instead on input line 35.
Package textcomp Info: Symbol \textminus not provided by
(textcomp)             font family fvm in TS1 encoding.
(textcomp)             Default family used instead on input line 35.
Package textcomp Info: Symbol \textminus not provided by
(textcomp)             font family fvm in TS1 encoding.
(textcomp)             Default family used instead on input line 35.
Package textcomp Info: Symbol \textminus not provided by
(textcomp)             font family fvm in TS1 encoding.
(textcomp)             Default family used instead on input line 35.
Package textcomp Info: Symbol \textminus not provided by
(textcomp)             font family fvm in TS1 encoding.
(textcomp)             Default family used instead on input line 35.
Package textcomp Info: Symbol \textminus not provided by
(textcomp)             font family fvm in TS1 encoding.
(textcomp)             Default family used instead on input line 35.
Package textcomp Info: Symbol \textminus not provided by
(textcomp)             font family fvm in TS1 encoding.
(textcomp)             Default family used instead on input line 35.
Package textcomp Info: Symbol \textminus not provided by
(textcomp)             font family fvm in TS1 encoding.
(textcomp)             Default family used instead on input line 35.
Package textcomp Info: Symbol \textminus not provided by
(textcomp)             font family fvm in TS1 encoding.
(textcomp)             Default family used instead on input line 35.
Package textcomp Info: Symbol \textminus not provided by
(textcomp)             font family fvm in TS1 encoding.
(textcomp)             Default family used instead on input line 35.
Package textcomp Info: Symbol \textminus not provided by
(textcomp)             font family fvm in TS1 encoding.
(textcomp)             Default family used instead on input line 35.
Package textcomp Info: Symbol \textminus not provided by
(textcomp)             font family fvm in TS1 encoding.
(textcomp)             Default family used instead on input line 35.
Package textcomp Info: Symbol \textminus not provided by
(textcomp)             font family fvm in TS1 encoding.
(textcomp)             Default family used instead on input line 35.
Package textcomp Info: Symbol \textminus not provided by
(textcomp)             font family fvm in TS1 encoding.
(textcomp)             Default family used instead on input line 35.
Package textcomp Info: Symbol \textminus not provided by
(textcomp)             font family fvm in TS1 encoding.
(textcomp)             Default family used instead on input line 35.
Package textcomp Info: Symbol \textminus not provided by
(textcomp)             font family fvm in TS1 encoding.
(textcomp)             Default family used instead on input line 35.
Package textcomp Info: Symbol \textminus not provided by
(textcomp)             font family fvm in TS1 encoding.
(textcomp)             Default family used instead on input line 35.
Package textcomp Info: Symbol \textminus not provided by
(textcomp)             font family fvm in TS1 encoding.
(textcomp)             Default family used instead on input line 35.
Package textcomp Info: Symbol \textminus not provided by
(textcomp)             font family fvm in TS1 encoding.
(textcomp)             Default family used instead on input line 35.
Package textcomp Info: Symbol \textminus not provided by
(textcomp)             font family fvm in TS1 encoding.
(textcomp)             Default family used instead on input line 35.
Package textcomp Info: Symbol \textminus not provided by
(textcomp)             font family fvm in TS1 encoding.
(textcomp)             Default family used instead on input line 35.
Package textcomp Info: Symbol \textminus not provided by
(textcomp)             font family fvm in TS1 encoding.
(textcomp)             Default family used instead on input line 35.
Package textcomp Info: Symbol \textminus not provided by
(textcomp)             font family fvm in TS1 encoding.
(textcomp)             Default family used instead on input line 35.
Package textcomp Info: Symbol \textminus not provided by
(textcomp)             font family fvm in TS1 encoding.
(textcomp)             Default family used instead on input line 35.
Package textcomp Info: Symbol \textminus not provided by
(textcomp)             font family fvm in TS1 encoding.
(textcomp)             Default family used instead on input line 35.
Package textcomp Info: Symbol \textminus not provided by
(textcomp)             font family fvm in TS1 encoding.
(textcomp)             Default family used instead on input line 35.
Package textcomp Info: Symbol \textminus not provided by
(textcomp)             font family fvm in TS1 encoding.
(textcomp)             Default family used instead on input line 35.
Package textcomp Info: Symbol \textminus not provided by
(textcomp)             font family fvm in TS1 encoding.
(textcomp)             Default family used instead on input line 35.
Package textcomp Info: Symbol \textminus not provided by
(textcomp)             font family fvm in TS1 encoding.
(textcomp)             Default family used instead on input line 35.
Package textcomp Info: Symbol \textminus not provided by
(textcomp)             font family fvm in TS1 encoding.
(textcomp)             Default family used instead on input line 35.
Package textcomp Info: Symbol \textminus not provided by
(textcomp)             font family fvm in TS1 encoding.
(textcomp)             Default family used instead on input line 35.
Package textcomp Info: Symbol \textminus not provided by
(textcomp)             font family fvm in TS1 encoding.
(textcomp)             Default family used instead on input line 35.
Package textcomp Info: Symbol \textminus not provided by
(textcomp)             font family fvm in TS1 encoding.
(textcomp)             Default family used instead on input line 35.
Package textcomp Info: Symbol \textminus not provided by
(textcomp)             font family fvm in TS1 encoding.
(textcomp)             Default family used instead on input line 35.
Package textcomp Info: Symbol \textminus not provided by
(textcomp)             font family fvm in TS1 encoding.
(textcomp)             Default family used instead on input line 35.
Package textcomp Info: Symbol \textminus not provided by
(textcomp)             font family fvm in TS1 encoding.
(textcomp)             Default family used instead on input line 35.
Package textcomp Info: Symbol \textminus not provided by
(textcomp)             font family fvm in TS1 encoding.
(textcomp)             Default family used instead on input line 35.
Package textcomp Info: Symbol \textminus not provided by
(textcomp)             font family fvm in TS1 encoding.
(textcomp)             Default family used instead on input line 35.
Package textcomp Info: Symbol \textminus not provided by
(textcomp)             font family fvm in TS1 encoding.
(textcomp)             Default family used instead on input line 35.
Package textcomp Info: Symbol \textminus not provided by
(textcomp)             font family fvm in TS1 encoding.
(textcomp)             Default family used instead on input line 35.
Package textcomp Info: Symbol \textminus not provided by
(textcomp)             font family fvm in TS1 encoding.
(textcomp)             Default family used instead on input line 35.
Package textcomp Info: Symbol \textminus not provided by
(textcomp)             font family fvm in TS1 encoding.
(textcomp)             Default family used instead on input line 35.
Package textcomp Info: Symbol \textminus not provided by
(textcomp)             font family fvm in TS1 encoding.
(textcomp)             Default family used instead on input line 35.
Package textcomp Info: Symbol \textminus not provided by
(textcomp)             font family fvm in TS1 encoding.
(textcomp)             Default family used instead on input line 35.
Package textcomp Info: Symbol \textminus not provided by
(textcomp)             font family fvm in TS1 encoding.
(textcomp)             Default family used instead on input line 35.
Package textcomp Info: Symbol \textminus not provided by
(textcomp)             font family fvm in TS1 encoding.
(textcomp)             Default family used instead on input line 35.
Package textcomp Info: Symbol \textminus not provided by
(textcomp)             font family fvm in TS1 encoding.
(textcomp)             Default family used instead on input line 35.
Package textcomp Info: Symbol \textminus not provided by
(textcomp)             font family fvm in TS1 encoding.
(textcomp)             Default family used instead on input line 35.
Package textcomp Info: Symbol \textminus not provided by
(textcomp)             font family fvm in TS1 encoding.
(textcomp)             Default family used instead on input line 35.
Package textcomp Info: Symbol \textminus not provided by
(textcomp)             font family fvm in TS1 encoding.
(textcomp)             Default family used instead on input line 35.
Package textcomp Info: Symbol \textminus not provided by
(textcomp)             font family fvm in TS1 encoding.
(textcomp)             Default family used instead on input line 35.
Package textcomp Info: Symbol \textminus not provided by
(textcomp)             font family fvm in TS1 encoding.
(textcomp)             Default family used instead on input line 35.
Package textcomp Info: Symbol \textminus not provided by
(textcomp)             font family fvm in TS1 encoding.
(textcomp)             Default family used instead on input line 35.
Package textcomp Info: Symbol \textminus not provided by
(textcomp)             font family fvm in TS1 encoding.
(textcomp)             Default family used instead on input line 35.
Package textcomp Info: Symbol \textminus not provided by
(textcomp)             font family fvm in TS1 encoding.
(textcomp)             Default family used instead on input line 35.
Package textcomp Info: Symbol \textminus not provided by
(textcomp)             font family fvm in TS1 encoding.
(textcomp)             Default family used instead on input line 35.
Package textcomp Info: Symbol \textminus not provided by
(textcomp)             font family fvm in TS1 encoding.
(textcomp)             Default family used instead on input line 35.
Package textcomp Info: Symbol \textminus not provided by
(textcomp)             font family fvm in TS1 encoding.
(textcomp)             Default family used instead on input line 35.
Package textcomp Info: Symbol \textminus not provided by
(textcomp)             font family fvm in TS1 encoding.
(textcomp)             Default family used instead on input line 35.
Package textcomp Info: Symbol \textminus not provided by
(textcomp)             font family fvm in TS1 encoding.
(textcomp)             Default family used instead on input line 35.
Package textcomp Info: Symbol \textminus not provided by
(textcomp)             font family fvm in TS1 encoding.
(textcomp)             Default family used instead on input line 35.
Package textcomp Info: Symbol \textminus not provided by
(textcomp)             font family fvm in TS1 encoding.
(textcomp)             Default family used instead on input line 35.
Package textcomp Info: Symbol \textminus not provided by
(textcomp)             font family fvm in TS1 encoding.
(textcomp)             Default family used instead on input line 35.
Package textcomp Info: Symbol \textminus not provided by
(textcomp)             font family fvm in TS1 encoding.
(textcomp)             Default family used instead on input line 35.
Package textcomp Info: Symbol \textminus not provided by
(textcomp)             font family fvm in TS1 encoding.
(textcomp)             Default family used instead on input line 35.
Package textcomp Info: Symbol \textminus not provided by
(textcomp)             font family fvm in TS1 encoding.
(textcomp)             Default family used instead on input line 35.
Package textcomp Info: Symbol \textminus not provided by
(textcomp)             font family fvm in TS1 encoding.
(textcomp)             Default family used instead on input line 35.
Package textcomp Info: Symbol \textminus not provided by
(textcomp)             font family fvm in TS1 encoding.
(textcomp)             Default family used instead on input line 35.
 [59

]
Package textcomp Info: Symbol \textminus not provided by
(textcomp)             font family fvm in TS1 encoding.
(textcomp)             Default family used instead on input line 51.
Package textcomp Info: Symbol \textminus not provided by
(textcomp)             font family fvm in TS1 encoding.
(textcomp)             Default family used instead on input line 55.
Package textcomp Info: Symbol \textminus not provided by
(textcomp)             font family fvm in TS1 encoding.
(textcomp)             Default family used instead on input line 55.
Package textcomp Info: Symbol \textminus not provided by
(textcomp)             font family fvm in TS1 encoding.
(textcomp)             Default family used instead on input line 65.
Package textcomp Info: Symbol \textminus not provided by
(textcomp)             font family fvm in TS1 encoding.
(textcomp)             Default family used instead on input line 67.
Package textcomp Info: Symbol \textminus not provided by
(textcomp)             font family fvm in TS1 encoding.
(textcomp)             Default family used instead on input line 67.
Package textcomp Info: Symbol \textminus not provided by
(textcomp)             font family fvm in TS1 encoding.
(textcomp)             Default family used instead on input line 67.
 [60]) [61]

pdfTeX warning: pdflatex.exe (file ./figures/Simulink.pdf): PDF inclusion: foun
d PDF version <1.7>, but at most version <1.5> allowed
<figures/Simulink.pdf, id=1710, 794.97pt x 614.295pt>
File: figures/Simulink.pdf Graphic file (type pdf)
<use figures/Simulink.pdf>
Package pdftex.def Info: figures/Simulink.pdf  used on input line 16.
(pdftex.def)             Requested size: 438.17245pt x 338.5944pt.
) [62

 <./figures/Simulink.pdf>]
\tf@thm=\write7
\openout7 = `master.thm'.



enddocument/afterlastpage: lastpage setting LastPage.
(master.aux)

LaTeX Warning: There were undefined references.

Package rerunfilecheck Info: File `master.out' has not changed.
(rerunfilecheck)             Checksum: 78479855D6373492EE3B63D36BE3A8ED;9189.

Package biblatex Warning: Please (re)run Biber on the file:
(biblatex)                master
(biblatex)                and rerun LaTeX afterwards.

Package logreq Info: Writing requests to 'master.run.xml'.
\openout1 = `master.run.xml'.

 ) 
Here is how much of TeX's memory you used:
 42294 strings out of 476334
 853548 string characters out of 5787971
 2123382 words of memory out of 5000000
 61621 multiletter control sequences out of 15000+600000
 586535 words of font info for 165 fonts, out of 8000000 for 9000
 1146 hyphenation exceptions out of 8191
 104i,21n,121p,1603b,2665s stack positions out of 10000i,1000n,20000p,200000b,200000s

pdfTeX warning (dest): name{Hfootnote.3} has been referenced but does not exist
, replaced by a fixed one


pdfTeX warning (dest): name{Hfootnote.2} has been referenced but does not exist
, replaced by a fixed one


pdfTeX warning (dest): name{Hfootnote.1} has been referenced but does not exist
, replaced by a fixed one

 <C:\Users\Jeppe\AppData\Local\MiKTeX\fonts/pk/ljfour/jknappen/ec/dpi600\tcrm10
95.pk>{C:/Users/Jeppe/AppData/Local/Programs/MiKTeX/fonts/enc/dvips/base/8r.enc
} <C:\Users\Jeppe\AppData\Local\MiKTeX\fonts/pk/ljfour/jknappen/ec/dpi600\ecss1
000.pk> <C:\Users\Jeppe\AppData\Local\MiKTeX\fonts/pk/ljfour/jknappen/ec/dpi600
\ecsx1000.pk><C:/Users/Jeppe/AppData/Local/Programs/MiKTeX/fonts/type1/public/a
msfonts/cm/cmex10.pfb><C:/Users/Jeppe/AppData/Local/Programs/MiKTeX/fonts/type1
/public/amsfonts/cm/cmmi10.pfb><C:/Users/Jeppe/AppData/Local/Programs/MiKTeX/fo
nts/type1/public/amsfonts/cm/cmr10.pfb><C:/Users/Jeppe/AppData/Local/Programs/M
iKTeX/fonts/type1/public/amsfonts/cm/cmsy10.pfb><C:/Users/Jeppe/AppData/Local/P
rograms/MiKTeX/fonts/type1/public/mathpazo/fplmbb.pfb><C:/Users/Jeppe/AppData/L
ocal/Programs/MiKTeX/fonts/type1/public/mathpazo/fplmr.pfb><C:/Users/Jeppe/AppD
ata/Local/Programs/MiKTeX/fonts/type1/public/mathpazo/fplmri.pfb><C:/Users/Jepp
e/AppData/Local/Programs/MiKTeX/fonts/type1/bera/fvmr8a.pfb><C:/Users/Jeppe/App
Data/Local/Programs/MiKTeX/fonts/type1/public/amsfonts/symbols/msam10.pfb><C:/U
sers/Jeppe/AppData/Local/Programs/MiKTeX/fonts/type1/urw/palatino/uplb8a.pfb><C
:/Users/Jeppe/AppData/Local/Programs/MiKTeX/fonts/type1/urw/palatino/uplr8a.pfb
><C:/Users/Jeppe/AppData/Local/Programs/MiKTeX/fonts/type1/urw/palatino/uplri8a
.pfb>
Output written on master.pdf (71 pages, 8308274 bytes).
PDF statistics:
 1890 PDF objects out of 2073 (max. 8388607)
 313 named destinations out of 1000 (max. 500000)
 591 words of extra memory for PDF output out of 10000 (max. 10000000)

